loss_func: My Implementation Loss Func
Training Digest: Task Length 2 Run 4
n_epoch: 200
early_stop: 40
task_list: [('flatfish', 'shark', 'bottle', 'squirrel', 'bear', 'lawn_mower', 'bus', 'rabbit', 'hamster', 'whale'), ('baby', 'woman', 'table', 'trout', 'raccoon', 'mushroom', 'porcupine', 'lizard', 'possum', 'wardrobe'), ('pickup_truck', 'skunk', 'spider', 'motorcycle', 'cattle', 'bridge', 'worm', 'sunflower', 'sweet_pepper', 'plain'), ('apple', 'girl', 'sea', 'can', 'beetle', 'keyboard', 'tulip', 'streetcar', 'plate', 'television'), ('tractor', 'rocket', 'poppy', 'telephone', 'bowl', 'caterpillar', 'mouse', 'forest', 'maple_tree', 'dolphin'), ('snake', 'elephant', 'crocodile', 'couch', 'palm_tree', 'chimpanzee', 'road', 'lobster', 'tiger', 'fox'), ('train', 'chair', 'wolf', 'aquarium_fish', 'ray', 'crab', 'pear', 'lion', 'camel', 'leopard'), ('man', 'oak_tree', 'cup', 'tank', 'willow_tree', 'rose', 'dinosaur', 'kangaroo', 'turtle', 'snail'), ('boy', 'beaver', 'orchid', 'bee', 'bed', 'orange', 'lamp', 'cloud', 'house', 'mountain'), ('cockroach', 'skyscraper', 'seal', 'castle', 'otter', 'butterfly', 'clock', 'shrew', 'bicycle', 'pine_tree')]
New Task: ('flatfish', 'shark', 'bottle', 'squirrel', 'bear', 'lawn_mower', 'bus', 'rabbit', 'hamster', 'whale')
Task: [ 0|('flatfish', 'shark', 'bottle', 'squirrel', 'bear', 'lawn_mower', 'bus', 'rabbit', 'hamster', 'whale')], Epoch: [  0/200], new top1 Acc: 0.24800
Task: [ 0|('flatfish', 'shark', 'bottle', 'squirrel', 'bear', 'lawn_mower', 'bus', 'rabbit', 'hamster', 'whale')], Epoch: [  1/200], new top1 Acc: 0.38300
Task: [ 0|('flatfish', 'shark', 'bottle', 'squirrel', 'bear', 'lawn_mower', 'bus', 'rabbit', 'hamster', 'whale')], Epoch: [  2/200], new top1 Acc: 0.42700
Task: [ 0|('flatfish', 'shark', 'bottle', 'squirrel', 'bear', 'lawn_mower', 'bus', 'rabbit', 'hamster', 'whale')], Epoch: [  3/200], new top1 Acc: 0.47400
Task: [ 0|('flatfish', 'shark', 'bottle', 'squirrel', 'bear', 'lawn_mower', 'bus', 'rabbit', 'hamster', 'whale')], Epoch: [  4/200], Acc: [0.42900|0.47400], Early Stop: [ 1|40]
Task: [ 0|('flatfish', 'shark', 'bottle', 'squirrel', 'bear', 'lawn_mower', 'bus', 'rabbit', 'hamster', 'whale')], Epoch: [  5/200], Acc: [0.45300|0.47400], Early Stop: [ 2|40]
Task: [ 0|('flatfish', 'shark', 'bottle', 'squirrel', 'bear', 'lawn_mower', 'bus', 'rabbit', 'hamster', 'whale')], Epoch: [  6/200], new top1 Acc: 0.51200
Task: [ 0|('flatfish', 'shark', 'bottle', 'squirrel', 'bear', 'lawn_mower', 'bus', 'rabbit', 'hamster', 'whale')], Epoch: [  7/200], new top1 Acc: 0.51300
Task: [ 0|('flatfish', 'shark', 'bottle', 'squirrel', 'bear', 'lawn_mower', 'bus', 'rabbit', 'hamster', 'whale')], Epoch: [  8/200], new top1 Acc: 0.54400
Task: [ 0|('flatfish', 'shark', 'bottle', 'squirrel', 'bear', 'lawn_mower', 'bus', 'rabbit', 'hamster', 'whale')], Epoch: [  9/200], Acc: [0.46800|0.54400], Early Stop: [ 1|40]
Task: [ 0|('flatfish', 'shark', 'bottle', 'squirrel', 'bear', 'lawn_mower', 'bus', 'rabbit', 'hamster', 'whale')], Epoch: [ 10/200], Acc: [0.51500|0.54400], Early Stop: [ 2|40]
Task: [ 0|('flatfish', 'shark', 'bottle', 'squirrel', 'bear', 'lawn_mower', 'bus', 'rabbit', 'hamster', 'whale')], Epoch: [ 11/200], new top1 Acc: 0.56800
Task: [ 0|('flatfish', 'shark', 'bottle', 'squirrel', 'bear', 'lawn_mower', 'bus', 'rabbit', 'hamster', 'whale')], Epoch: [ 12/200], new top1 Acc: 0.57400
Task: [ 0|('flatfish', 'shark', 'bottle', 'squirrel', 'bear', 'lawn_mower', 'bus', 'rabbit', 'hamster', 'whale')], Epoch: [ 13/200], new top1 Acc: 0.59000
Task: [ 0|('flatfish', 'shark', 'bottle', 'squirrel', 'bear', 'lawn_mower', 'bus', 'rabbit', 'hamster', 'whale')], Epoch: [ 14/200], Acc: [0.58500|0.59000], Early Stop: [ 1|40]
Task: [ 0|('flatfish', 'shark', 'bottle', 'squirrel', 'bear', 'lawn_mower', 'bus', 'rabbit', 'hamster', 'whale')], Epoch: [ 15/200], Acc: [0.57800|0.59000], Early Stop: [ 2|40]
Task: [ 0|('flatfish', 'shark', 'bottle', 'squirrel', 'bear', 'lawn_mower', 'bus', 'rabbit', 'hamster', 'whale')], Epoch: [ 16/200], new top1 Acc: 0.63500
Task: [ 0|('flatfish', 'shark', 'bottle', 'squirrel', 'bear', 'lawn_mower', 'bus', 'rabbit', 'hamster', 'whale')], Epoch: [ 17/200], Acc: [0.59500|0.63500], Early Stop: [ 1|40]
Task: [ 0|('flatfish', 'shark', 'bottle', 'squirrel', 'bear', 'lawn_mower', 'bus', 'rabbit', 'hamster', 'whale')], Epoch: [ 18/200], Acc: [0.61100|0.63500], Early Stop: [ 2|40]
Task: [ 0|('flatfish', 'shark', 'bottle', 'squirrel', 'bear', 'lawn_mower', 'bus', 'rabbit', 'hamster', 'whale')], Epoch: [ 19/200], Acc: [0.60300|0.63500], Early Stop: [ 3|40]
Task: [ 0|('flatfish', 'shark', 'bottle', 'squirrel', 'bear', 'lawn_mower', 'bus', 'rabbit', 'hamster', 'whale')], Epoch: [ 20/200], Acc: [0.61800|0.63500], Early Stop: [ 4|40]
Task: [ 0|('flatfish', 'shark', 'bottle', 'squirrel', 'bear', 'lawn_mower', 'bus', 'rabbit', 'hamster', 'whale')], Epoch: [ 21/200], new top1 Acc: 0.65400
Task: [ 0|('flatfish', 'shark', 'bottle', 'squirrel', 'bear', 'lawn_mower', 'bus', 'rabbit', 'hamster', 'whale')], Epoch: [ 22/200], Acc: [0.63400|0.65400], Early Stop: [ 1|40]
Task: [ 0|('flatfish', 'shark', 'bottle', 'squirrel', 'bear', 'lawn_mower', 'bus', 'rabbit', 'hamster', 'whale')], Epoch: [ 23/200], Acc: [0.58400|0.65400], Early Stop: [ 2|40]
Task: [ 0|('flatfish', 'shark', 'bottle', 'squirrel', 'bear', 'lawn_mower', 'bus', 'rabbit', 'hamster', 'whale')], Epoch: [ 24/200], Acc: [0.62800|0.65400], Early Stop: [ 3|40]
Task: [ 0|('flatfish', 'shark', 'bottle', 'squirrel', 'bear', 'lawn_mower', 'bus', 'rabbit', 'hamster', 'whale')], Epoch: [ 25/200], Acc: [0.61700|0.65400], Early Stop: [ 4|40]
Task: [ 0|('flatfish', 'shark', 'bottle', 'squirrel', 'bear', 'lawn_mower', 'bus', 'rabbit', 'hamster', 'whale')], Epoch: [ 26/200], Acc: [0.62700|0.65400], Early Stop: [ 5|40]
Task: [ 0|('flatfish', 'shark', 'bottle', 'squirrel', 'bear', 'lawn_mower', 'bus', 'rabbit', 'hamster', 'whale')], Epoch: [ 27/200], Acc: [0.64300|0.65400], Early Stop: [ 6|40]
Task: [ 0|('flatfish', 'shark', 'bottle', 'squirrel', 'bear', 'lawn_mower', 'bus', 'rabbit', 'hamster', 'whale')], Epoch: [ 28/200], Acc: [0.61700|0.65400], Early Stop: [ 7|40]
Task: [ 0|('flatfish', 'shark', 'bottle', 'squirrel', 'bear', 'lawn_mower', 'bus', 'rabbit', 'hamster', 'whale')], Epoch: [ 29/200], Acc: [0.65100|0.65400], Early Stop: [ 8|40]
Task: [ 0|('flatfish', 'shark', 'bottle', 'squirrel', 'bear', 'lawn_mower', 'bus', 'rabbit', 'hamster', 'whale')], Epoch: [ 30/200], Acc: [0.65000|0.65400], Early Stop: [ 9|40]
Task: [ 0|('flatfish', 'shark', 'bottle', 'squirrel', 'bear', 'lawn_mower', 'bus', 'rabbit', 'hamster', 'whale')], Epoch: [ 31/200], new top1 Acc: 0.70300
Task: [ 0|('flatfish', 'shark', 'bottle', 'squirrel', 'bear', 'lawn_mower', 'bus', 'rabbit', 'hamster', 'whale')], Epoch: [ 32/200], Acc: [0.67200|0.70300], Early Stop: [ 1|40]
Task: [ 0|('flatfish', 'shark', 'bottle', 'squirrel', 'bear', 'lawn_mower', 'bus', 'rabbit', 'hamster', 'whale')], Epoch: [ 33/200], Acc: [0.68800|0.70300], Early Stop: [ 2|40]
Task: [ 0|('flatfish', 'shark', 'bottle', 'squirrel', 'bear', 'lawn_mower', 'bus', 'rabbit', 'hamster', 'whale')], Epoch: [ 34/200], Acc: [0.69100|0.70300], Early Stop: [ 3|40]
Task: [ 0|('flatfish', 'shark', 'bottle', 'squirrel', 'bear', 'lawn_mower', 'bus', 'rabbit', 'hamster', 'whale')], Epoch: [ 35/200], Acc: [0.67400|0.70300], Early Stop: [ 4|40]
Task: [ 0|('flatfish', 'shark', 'bottle', 'squirrel', 'bear', 'lawn_mower', 'bus', 'rabbit', 'hamster', 'whale')], Epoch: [ 36/200], Acc: [0.68400|0.70300], Early Stop: [ 5|40]
Task: [ 0|('flatfish', 'shark', 'bottle', 'squirrel', 'bear', 'lawn_mower', 'bus', 'rabbit', 'hamster', 'whale')], Epoch: [ 37/200], Acc: [0.67600|0.70300], Early Stop: [ 6|40]
Task: [ 0|('flatfish', 'shark', 'bottle', 'squirrel', 'bear', 'lawn_mower', 'bus', 'rabbit', 'hamster', 'whale')], Epoch: [ 38/200], Acc: [0.66900|0.70300], Early Stop: [ 7|40]
Task: [ 0|('flatfish', 'shark', 'bottle', 'squirrel', 'bear', 'lawn_mower', 'bus', 'rabbit', 'hamster', 'whale')], Epoch: [ 39/200], Acc: [0.68100|0.70300], Early Stop: [ 8|40]
Task: [ 0|('flatfish', 'shark', 'bottle', 'squirrel', 'bear', 'lawn_mower', 'bus', 'rabbit', 'hamster', 'whale')], Epoch: [ 40/200], Acc: [0.66900|0.70300], Early Stop: [ 9|40]
Task: [ 0|('flatfish', 'shark', 'bottle', 'squirrel', 'bear', 'lawn_mower', 'bus', 'rabbit', 'hamster', 'whale')], Epoch: [ 41/200], Acc: [0.67000|0.70300], Early Stop: [10|40]
Task: [ 0|('flatfish', 'shark', 'bottle', 'squirrel', 'bear', 'lawn_mower', 'bus', 'rabbit', 'hamster', 'whale')], Epoch: [ 42/200], Acc: [0.69400|0.70300], Early Stop: [11|40]
Task: [ 0|('flatfish', 'shark', 'bottle', 'squirrel', 'bear', 'lawn_mower', 'bus', 'rabbit', 'hamster', 'whale')], Epoch: [ 43/200], Acc: [0.69400|0.70300], Early Stop: [12|40]
Task: [ 0|('flatfish', 'shark', 'bottle', 'squirrel', 'bear', 'lawn_mower', 'bus', 'rabbit', 'hamster', 'whale')], Epoch: [ 44/200], new top1 Acc: 0.72300
Task: [ 0|('flatfish', 'shark', 'bottle', 'squirrel', 'bear', 'lawn_mower', 'bus', 'rabbit', 'hamster', 'whale')], Epoch: [ 45/200], Acc: [0.63600|0.72300], Early Stop: [ 1|40]
Task: [ 0|('flatfish', 'shark', 'bottle', 'squirrel', 'bear', 'lawn_mower', 'bus', 'rabbit', 'hamster', 'whale')], Epoch: [ 46/200], Acc: [0.71900|0.72300], Early Stop: [ 2|40]
Task: [ 0|('flatfish', 'shark', 'bottle', 'squirrel', 'bear', 'lawn_mower', 'bus', 'rabbit', 'hamster', 'whale')], Epoch: [ 47/200], Acc: [0.68300|0.72300], Early Stop: [ 3|40]
Task: [ 0|('flatfish', 'shark', 'bottle', 'squirrel', 'bear', 'lawn_mower', 'bus', 'rabbit', 'hamster', 'whale')], Epoch: [ 48/200], Acc: [0.69800|0.72300], Early Stop: [ 4|40]
Task: [ 0|('flatfish', 'shark', 'bottle', 'squirrel', 'bear', 'lawn_mower', 'bus', 'rabbit', 'hamster', 'whale')], Epoch: [ 49/200], Acc: [0.69800|0.72300], Early Stop: [ 5|40]
Task: [ 0|('flatfish', 'shark', 'bottle', 'squirrel', 'bear', 'lawn_mower', 'bus', 'rabbit', 'hamster', 'whale')], Epoch: [ 50/200], Acc: [0.71100|0.72300], Early Stop: [ 6|40]
Task: [ 0|('flatfish', 'shark', 'bottle', 'squirrel', 'bear', 'lawn_mower', 'bus', 'rabbit', 'hamster', 'whale')], Epoch: [ 51/200], Acc: [0.68700|0.72300], Early Stop: [ 7|40]
Task: [ 0|('flatfish', 'shark', 'bottle', 'squirrel', 'bear', 'lawn_mower', 'bus', 'rabbit', 'hamster', 'whale')], Epoch: [ 52/200], new top1 Acc: 0.72600
Task: [ 0|('flatfish', 'shark', 'bottle', 'squirrel', 'bear', 'lawn_mower', 'bus', 'rabbit', 'hamster', 'whale')], Epoch: [ 53/200], Acc: [0.69500|0.72600], Early Stop: [ 1|40]
Task: [ 0|('flatfish', 'shark', 'bottle', 'squirrel', 'bear', 'lawn_mower', 'bus', 'rabbit', 'hamster', 'whale')], Epoch: [ 54/200], Acc: [0.68800|0.72600], Early Stop: [ 2|40]
Task: [ 0|('flatfish', 'shark', 'bottle', 'squirrel', 'bear', 'lawn_mower', 'bus', 'rabbit', 'hamster', 'whale')], Epoch: [ 55/200], Acc: [0.72000|0.72600], Early Stop: [ 3|40]
Task: [ 0|('flatfish', 'shark', 'bottle', 'squirrel', 'bear', 'lawn_mower', 'bus', 'rabbit', 'hamster', 'whale')], Epoch: [ 56/200], Acc: [0.68700|0.72600], Early Stop: [ 4|40]
Task: [ 0|('flatfish', 'shark', 'bottle', 'squirrel', 'bear', 'lawn_mower', 'bus', 'rabbit', 'hamster', 'whale')], Epoch: [ 57/200], Acc: [0.72600|0.72600], Early Stop: [ 5|40]
Task: [ 0|('flatfish', 'shark', 'bottle', 'squirrel', 'bear', 'lawn_mower', 'bus', 'rabbit', 'hamster', 'whale')], Epoch: [ 58/200], Acc: [0.72200|0.72600], Early Stop: [ 6|40]
Task: [ 0|('flatfish', 'shark', 'bottle', 'squirrel', 'bear', 'lawn_mower', 'bus', 'rabbit', 'hamster', 'whale')], Epoch: [ 59/200], Acc: [0.70200|0.72600], Early Stop: [ 7|40]
Task: [ 0|('flatfish', 'shark', 'bottle', 'squirrel', 'bear', 'lawn_mower', 'bus', 'rabbit', 'hamster', 'whale')], Epoch: [ 60/200], Acc: [0.70000|0.72600], Early Stop: [ 8|40]
Task: [ 0|('flatfish', 'shark', 'bottle', 'squirrel', 'bear', 'lawn_mower', 'bus', 'rabbit', 'hamster', 'whale')], Epoch: [ 61/200], new top1 Acc: 0.74000
Task: [ 0|('flatfish', 'shark', 'bottle', 'squirrel', 'bear', 'lawn_mower', 'bus', 'rabbit', 'hamster', 'whale')], Epoch: [ 62/200], Acc: [0.70600|0.74000], Early Stop: [ 1|40]
Task: [ 0|('flatfish', 'shark', 'bottle', 'squirrel', 'bear', 'lawn_mower', 'bus', 'rabbit', 'hamster', 'whale')], Epoch: [ 63/200], Acc: [0.68700|0.74000], Early Stop: [ 2|40]
Task: [ 0|('flatfish', 'shark', 'bottle', 'squirrel', 'bear', 'lawn_mower', 'bus', 'rabbit', 'hamster', 'whale')], Epoch: [ 64/200], Acc: [0.73600|0.74000], Early Stop: [ 3|40]
Task: [ 0|('flatfish', 'shark', 'bottle', 'squirrel', 'bear', 'lawn_mower', 'bus', 'rabbit', 'hamster', 'whale')], Epoch: [ 65/200], Acc: [0.70700|0.74000], Early Stop: [ 4|40]
Task: [ 0|('flatfish', 'shark', 'bottle', 'squirrel', 'bear', 'lawn_mower', 'bus', 'rabbit', 'hamster', 'whale')], Epoch: [ 66/200], new top1 Acc: 0.74200
Task: [ 0|('flatfish', 'shark', 'bottle', 'squirrel', 'bear', 'lawn_mower', 'bus', 'rabbit', 'hamster', 'whale')], Epoch: [ 67/200], Acc: [0.72400|0.74200], Early Stop: [ 1|40]
Task: [ 0|('flatfish', 'shark', 'bottle', 'squirrel', 'bear', 'lawn_mower', 'bus', 'rabbit', 'hamster', 'whale')], Epoch: [ 68/200], new top1 Acc: 0.74400
Task: [ 0|('flatfish', 'shark', 'bottle', 'squirrel', 'bear', 'lawn_mower', 'bus', 'rabbit', 'hamster', 'whale')], Epoch: [ 69/200], Acc: [0.73000|0.74400], Early Stop: [ 1|40]
Task: [ 0|('flatfish', 'shark', 'bottle', 'squirrel', 'bear', 'lawn_mower', 'bus', 'rabbit', 'hamster', 'whale')], Epoch: [ 70/200], Acc: [0.72800|0.74400], Early Stop: [ 2|40]
Task: [ 0|('flatfish', 'shark', 'bottle', 'squirrel', 'bear', 'lawn_mower', 'bus', 'rabbit', 'hamster', 'whale')], Epoch: [ 71/200], Acc: [0.72300|0.74400], Early Stop: [ 3|40]
Task: [ 0|('flatfish', 'shark', 'bottle', 'squirrel', 'bear', 'lawn_mower', 'bus', 'rabbit', 'hamster', 'whale')], Epoch: [ 72/200], Acc: [0.72600|0.74400], Early Stop: [ 4|40]
Task: [ 0|('flatfish', 'shark', 'bottle', 'squirrel', 'bear', 'lawn_mower', 'bus', 'rabbit', 'hamster', 'whale')], Epoch: [ 73/200], new top1 Acc: 0.74800
Task: [ 0|('flatfish', 'shark', 'bottle', 'squirrel', 'bear', 'lawn_mower', 'bus', 'rabbit', 'hamster', 'whale')], Epoch: [ 74/200], Acc: [0.72900|0.74800], Early Stop: [ 1|40]
Task: [ 0|('flatfish', 'shark', 'bottle', 'squirrel', 'bear', 'lawn_mower', 'bus', 'rabbit', 'hamster', 'whale')], Epoch: [ 75/200], Acc: [0.72700|0.74800], Early Stop: [ 2|40]
Task: [ 0|('flatfish', 'shark', 'bottle', 'squirrel', 'bear', 'lawn_mower', 'bus', 'rabbit', 'hamster', 'whale')], Epoch: [ 76/200], Acc: [0.73800|0.74800], Early Stop: [ 3|40]
Task: [ 0|('flatfish', 'shark', 'bottle', 'squirrel', 'bear', 'lawn_mower', 'bus', 'rabbit', 'hamster', 'whale')], Epoch: [ 77/200], Acc: [0.72000|0.74800], Early Stop: [ 4|40]
Task: [ 0|('flatfish', 'shark', 'bottle', 'squirrel', 'bear', 'lawn_mower', 'bus', 'rabbit', 'hamster', 'whale')], Epoch: [ 78/200], Acc: [0.73200|0.74800], Early Stop: [ 5|40]
Task: [ 0|('flatfish', 'shark', 'bottle', 'squirrel', 'bear', 'lawn_mower', 'bus', 'rabbit', 'hamster', 'whale')], Epoch: [ 79/200], Acc: [0.73800|0.74800], Early Stop: [ 6|40]
Task: [ 0|('flatfish', 'shark', 'bottle', 'squirrel', 'bear', 'lawn_mower', 'bus', 'rabbit', 'hamster', 'whale')], Epoch: [ 80/200], Acc: [0.70600|0.74800], Early Stop: [ 7|40]
Task: [ 0|('flatfish', 'shark', 'bottle', 'squirrel', 'bear', 'lawn_mower', 'bus', 'rabbit', 'hamster', 'whale')], Epoch: [ 81/200], Acc: [0.73100|0.74800], Early Stop: [ 8|40]
Task: [ 0|('flatfish', 'shark', 'bottle', 'squirrel', 'bear', 'lawn_mower', 'bus', 'rabbit', 'hamster', 'whale')], Epoch: [ 82/200], new top1 Acc: 0.75600
Task: [ 0|('flatfish', 'shark', 'bottle', 'squirrel', 'bear', 'lawn_mower', 'bus', 'rabbit', 'hamster', 'whale')], Epoch: [ 83/200], Acc: [0.71900|0.75600], Early Stop: [ 1|40]
Task: [ 0|('flatfish', 'shark', 'bottle', 'squirrel', 'bear', 'lawn_mower', 'bus', 'rabbit', 'hamster', 'whale')], Epoch: [ 84/200], new top1 Acc: 0.75700
Task: [ 0|('flatfish', 'shark', 'bottle', 'squirrel', 'bear', 'lawn_mower', 'bus', 'rabbit', 'hamster', 'whale')], Epoch: [ 85/200], Acc: [0.75100|0.75700], Early Stop: [ 1|40]
Task: [ 0|('flatfish', 'shark', 'bottle', 'squirrel', 'bear', 'lawn_mower', 'bus', 'rabbit', 'hamster', 'whale')], Epoch: [ 86/200], Acc: [0.72500|0.75700], Early Stop: [ 2|40]
Task: [ 0|('flatfish', 'shark', 'bottle', 'squirrel', 'bear', 'lawn_mower', 'bus', 'rabbit', 'hamster', 'whale')], Epoch: [ 87/200], Acc: [0.72900|0.75700], Early Stop: [ 3|40]
Task: [ 0|('flatfish', 'shark', 'bottle', 'squirrel', 'bear', 'lawn_mower', 'bus', 'rabbit', 'hamster', 'whale')], Epoch: [ 88/200], Acc: [0.72900|0.75700], Early Stop: [ 4|40]
Task: [ 0|('flatfish', 'shark', 'bottle', 'squirrel', 'bear', 'lawn_mower', 'bus', 'rabbit', 'hamster', 'whale')], Epoch: [ 89/200], Acc: [0.73000|0.75700], Early Stop: [ 5|40]
Task: [ 0|('flatfish', 'shark', 'bottle', 'squirrel', 'bear', 'lawn_mower', 'bus', 'rabbit', 'hamster', 'whale')], Epoch: [ 90/200], Acc: [0.73100|0.75700], Early Stop: [ 6|40]
Task: [ 0|('flatfish', 'shark', 'bottle', 'squirrel', 'bear', 'lawn_mower', 'bus', 'rabbit', 'hamster', 'whale')], Epoch: [ 91/200], Acc: [0.73200|0.75700], Early Stop: [ 7|40]
Task: [ 0|('flatfish', 'shark', 'bottle', 'squirrel', 'bear', 'lawn_mower', 'bus', 'rabbit', 'hamster', 'whale')], Epoch: [ 92/200], Acc: [0.75700|0.75700], Early Stop: [ 8|40]
Task: [ 0|('flatfish', 'shark', 'bottle', 'squirrel', 'bear', 'lawn_mower', 'bus', 'rabbit', 'hamster', 'whale')], Epoch: [ 93/200], Acc: [0.74200|0.75700], Early Stop: [ 9|40]
Task: [ 0|('flatfish', 'shark', 'bottle', 'squirrel', 'bear', 'lawn_mower', 'bus', 'rabbit', 'hamster', 'whale')], Epoch: [ 94/200], Acc: [0.71600|0.75700], Early Stop: [10|40]
Task: [ 0|('flatfish', 'shark', 'bottle', 'squirrel', 'bear', 'lawn_mower', 'bus', 'rabbit', 'hamster', 'whale')], Epoch: [ 95/200], Acc: [0.73400|0.75700], Early Stop: [11|40]
Task: [ 0|('flatfish', 'shark', 'bottle', 'squirrel', 'bear', 'lawn_mower', 'bus', 'rabbit', 'hamster', 'whale')], Epoch: [ 96/200], Acc: [0.73200|0.75700], Early Stop: [12|40]
Task: [ 0|('flatfish', 'shark', 'bottle', 'squirrel', 'bear', 'lawn_mower', 'bus', 'rabbit', 'hamster', 'whale')], Epoch: [ 97/200], Acc: [0.73400|0.75700], Early Stop: [13|40]
Task: [ 0|('flatfish', 'shark', 'bottle', 'squirrel', 'bear', 'lawn_mower', 'bus', 'rabbit', 'hamster', 'whale')], Epoch: [ 98/200], Acc: [0.74900|0.75700], Early Stop: [14|40]
Task: [ 0|('flatfish', 'shark', 'bottle', 'squirrel', 'bear', 'lawn_mower', 'bus', 'rabbit', 'hamster', 'whale')], Epoch: [ 99/200], Acc: [0.72300|0.75700], Early Stop: [15|40]
Task: [ 0|('flatfish', 'shark', 'bottle', 'squirrel', 'bear', 'lawn_mower', 'bus', 'rabbit', 'hamster', 'whale')], Epoch: [100/200], Acc: [0.72700|0.75700], Early Stop: [16|40]
Task: [ 0|('flatfish', 'shark', 'bottle', 'squirrel', 'bear', 'lawn_mower', 'bus', 'rabbit', 'hamster', 'whale')], Epoch: [101/200], Acc: [0.74400|0.75700], Early Stop: [17|40]
Task: [ 0|('flatfish', 'shark', 'bottle', 'squirrel', 'bear', 'lawn_mower', 'bus', 'rabbit', 'hamster', 'whale')], Epoch: [102/200], Acc: [0.73700|0.75700], Early Stop: [18|40]
Task: [ 0|('flatfish', 'shark', 'bottle', 'squirrel', 'bear', 'lawn_mower', 'bus', 'rabbit', 'hamster', 'whale')], Epoch: [103/200], Acc: [0.74000|0.75700], Early Stop: [19|40]
Task: [ 0|('flatfish', 'shark', 'bottle', 'squirrel', 'bear', 'lawn_mower', 'bus', 'rabbit', 'hamster', 'whale')], Epoch: [104/200], Acc: [0.75200|0.75700], Early Stop: [20|40]
Task: [ 0|('flatfish', 'shark', 'bottle', 'squirrel', 'bear', 'lawn_mower', 'bus', 'rabbit', 'hamster', 'whale')], Epoch: [105/200], Acc: [0.74400|0.75700], Early Stop: [21|40]
Task: [ 0|('flatfish', 'shark', 'bottle', 'squirrel', 'bear', 'lawn_mower', 'bus', 'rabbit', 'hamster', 'whale')], Epoch: [106/200], Acc: [0.75400|0.75700], Early Stop: [22|40]
Task: [ 0|('flatfish', 'shark', 'bottle', 'squirrel', 'bear', 'lawn_mower', 'bus', 'rabbit', 'hamster', 'whale')], Epoch: [107/200], Acc: [0.74000|0.75700], Early Stop: [23|40]
Task: [ 0|('flatfish', 'shark', 'bottle', 'squirrel', 'bear', 'lawn_mower', 'bus', 'rabbit', 'hamster', 'whale')], Epoch: [108/200], new top1 Acc: 0.76300
Task: [ 0|('flatfish', 'shark', 'bottle', 'squirrel', 'bear', 'lawn_mower', 'bus', 'rabbit', 'hamster', 'whale')], Epoch: [109/200], Acc: [0.75600|0.76300], Early Stop: [ 1|40]
Task: [ 0|('flatfish', 'shark', 'bottle', 'squirrel', 'bear', 'lawn_mower', 'bus', 'rabbit', 'hamster', 'whale')], Epoch: [110/200], new top1 Acc: 0.76400
Task: [ 0|('flatfish', 'shark', 'bottle', 'squirrel', 'bear', 'lawn_mower', 'bus', 'rabbit', 'hamster', 'whale')], Epoch: [111/200], Acc: [0.75300|0.76400], Early Stop: [ 1|40]
Task: [ 0|('flatfish', 'shark', 'bottle', 'squirrel', 'bear', 'lawn_mower', 'bus', 'rabbit', 'hamster', 'whale')], Epoch: [112/200], Acc: [0.73900|0.76400], Early Stop: [ 2|40]
Task: [ 0|('flatfish', 'shark', 'bottle', 'squirrel', 'bear', 'lawn_mower', 'bus', 'rabbit', 'hamster', 'whale')], Epoch: [113/200], Acc: [0.73200|0.76400], Early Stop: [ 3|40]
Task: [ 0|('flatfish', 'shark', 'bottle', 'squirrel', 'bear', 'lawn_mower', 'bus', 'rabbit', 'hamster', 'whale')], Epoch: [114/200], new top1 Acc: 0.76700
Task: [ 0|('flatfish', 'shark', 'bottle', 'squirrel', 'bear', 'lawn_mower', 'bus', 'rabbit', 'hamster', 'whale')], Epoch: [115/200], Acc: [0.74000|0.76700], Early Stop: [ 1|40]
Task: [ 0|('flatfish', 'shark', 'bottle', 'squirrel', 'bear', 'lawn_mower', 'bus', 'rabbit', 'hamster', 'whale')], Epoch: [116/200], Acc: [0.74200|0.76700], Early Stop: [ 2|40]
Task: [ 0|('flatfish', 'shark', 'bottle', 'squirrel', 'bear', 'lawn_mower', 'bus', 'rabbit', 'hamster', 'whale')], Epoch: [117/200], Acc: [0.74300|0.76700], Early Stop: [ 3|40]
Task: [ 0|('flatfish', 'shark', 'bottle', 'squirrel', 'bear', 'lawn_mower', 'bus', 'rabbit', 'hamster', 'whale')], Epoch: [118/200], Acc: [0.67000|0.76700], Early Stop: [ 4|40]
Task: [ 0|('flatfish', 'shark', 'bottle', 'squirrel', 'bear', 'lawn_mower', 'bus', 'rabbit', 'hamster', 'whale')], Epoch: [119/200], Acc: [0.73000|0.76700], Early Stop: [ 5|40]
Task: [ 0|('flatfish', 'shark', 'bottle', 'squirrel', 'bear', 'lawn_mower', 'bus', 'rabbit', 'hamster', 'whale')], Epoch: [120/200], new top1 Acc: 0.76900
Task: [ 0|('flatfish', 'shark', 'bottle', 'squirrel', 'bear', 'lawn_mower', 'bus', 'rabbit', 'hamster', 'whale')], Epoch: [121/200], Acc: [0.74300|0.76900], Early Stop: [ 1|40]
Task: [ 0|('flatfish', 'shark', 'bottle', 'squirrel', 'bear', 'lawn_mower', 'bus', 'rabbit', 'hamster', 'whale')], Epoch: [122/200], Acc: [0.76500|0.76900], Early Stop: [ 2|40]
Task: [ 0|('flatfish', 'shark', 'bottle', 'squirrel', 'bear', 'lawn_mower', 'bus', 'rabbit', 'hamster', 'whale')], Epoch: [123/200], Acc: [0.75900|0.76900], Early Stop: [ 3|40]
Task: [ 0|('flatfish', 'shark', 'bottle', 'squirrel', 'bear', 'lawn_mower', 'bus', 'rabbit', 'hamster', 'whale')], Epoch: [124/200], Acc: [0.75600|0.76900], Early Stop: [ 4|40]
Task: [ 0|('flatfish', 'shark', 'bottle', 'squirrel', 'bear', 'lawn_mower', 'bus', 'rabbit', 'hamster', 'whale')], Epoch: [125/200], new top1 Acc: 0.77300
Task: [ 0|('flatfish', 'shark', 'bottle', 'squirrel', 'bear', 'lawn_mower', 'bus', 'rabbit', 'hamster', 'whale')], Epoch: [126/200], Acc: [0.74400|0.77300], Early Stop: [ 1|40]
Task: [ 0|('flatfish', 'shark', 'bottle', 'squirrel', 'bear', 'lawn_mower', 'bus', 'rabbit', 'hamster', 'whale')], Epoch: [127/200], Acc: [0.73700|0.77300], Early Stop: [ 2|40]
Task: [ 0|('flatfish', 'shark', 'bottle', 'squirrel', 'bear', 'lawn_mower', 'bus', 'rabbit', 'hamster', 'whale')], Epoch: [128/200], Acc: [0.75100|0.77300], Early Stop: [ 3|40]
Task: [ 0|('flatfish', 'shark', 'bottle', 'squirrel', 'bear', 'lawn_mower', 'bus', 'rabbit', 'hamster', 'whale')], Epoch: [129/200], Acc: [0.73100|0.77300], Early Stop: [ 4|40]
Task: [ 0|('flatfish', 'shark', 'bottle', 'squirrel', 'bear', 'lawn_mower', 'bus', 'rabbit', 'hamster', 'whale')], Epoch: [130/200], Acc: [0.74600|0.77300], Early Stop: [ 5|40]
Task: [ 0|('flatfish', 'shark', 'bottle', 'squirrel', 'bear', 'lawn_mower', 'bus', 'rabbit', 'hamster', 'whale')], Epoch: [131/200], Acc: [0.72800|0.77300], Early Stop: [ 6|40]
Task: [ 0|('flatfish', 'shark', 'bottle', 'squirrel', 'bear', 'lawn_mower', 'bus', 'rabbit', 'hamster', 'whale')], Epoch: [132/200], Acc: [0.72300|0.77300], Early Stop: [ 7|40]
Task: [ 0|('flatfish', 'shark', 'bottle', 'squirrel', 'bear', 'lawn_mower', 'bus', 'rabbit', 'hamster', 'whale')], Epoch: [133/200], Acc: [0.75600|0.77300], Early Stop: [ 8|40]
Task: [ 0|('flatfish', 'shark', 'bottle', 'squirrel', 'bear', 'lawn_mower', 'bus', 'rabbit', 'hamster', 'whale')], Epoch: [134/200], Acc: [0.74800|0.77300], Early Stop: [ 9|40]
Task: [ 0|('flatfish', 'shark', 'bottle', 'squirrel', 'bear', 'lawn_mower', 'bus', 'rabbit', 'hamster', 'whale')], Epoch: [135/200], Acc: [0.75800|0.77300], Early Stop: [10|40]
Task: [ 0|('flatfish', 'shark', 'bottle', 'squirrel', 'bear', 'lawn_mower', 'bus', 'rabbit', 'hamster', 'whale')], Epoch: [136/200], Acc: [0.76800|0.77300], Early Stop: [11|40]
Task: [ 0|('flatfish', 'shark', 'bottle', 'squirrel', 'bear', 'lawn_mower', 'bus', 'rabbit', 'hamster', 'whale')], Epoch: [137/200], Acc: [0.75300|0.77300], Early Stop: [12|40]
Task: [ 0|('flatfish', 'shark', 'bottle', 'squirrel', 'bear', 'lawn_mower', 'bus', 'rabbit', 'hamster', 'whale')], Epoch: [138/200], Acc: [0.75800|0.77300], Early Stop: [13|40]
Task: [ 0|('flatfish', 'shark', 'bottle', 'squirrel', 'bear', 'lawn_mower', 'bus', 'rabbit', 'hamster', 'whale')], Epoch: [139/200], Acc: [0.76300|0.77300], Early Stop: [14|40]
Task: [ 0|('flatfish', 'shark', 'bottle', 'squirrel', 'bear', 'lawn_mower', 'bus', 'rabbit', 'hamster', 'whale')], Epoch: [140/200], Acc: [0.76000|0.77300], Early Stop: [15|40]
Task: [ 0|('flatfish', 'shark', 'bottle', 'squirrel', 'bear', 'lawn_mower', 'bus', 'rabbit', 'hamster', 'whale')], Epoch: [141/200], Acc: [0.75500|0.77300], Early Stop: [16|40]
Task: [ 0|('flatfish', 'shark', 'bottle', 'squirrel', 'bear', 'lawn_mower', 'bus', 'rabbit', 'hamster', 'whale')], Epoch: [142/200], Acc: [0.76300|0.77300], Early Stop: [17|40]
Task: [ 0|('flatfish', 'shark', 'bottle', 'squirrel', 'bear', 'lawn_mower', 'bus', 'rabbit', 'hamster', 'whale')], Epoch: [143/200], Acc: [0.75400|0.77300], Early Stop: [18|40]
Task: [ 0|('flatfish', 'shark', 'bottle', 'squirrel', 'bear', 'lawn_mower', 'bus', 'rabbit', 'hamster', 'whale')], Epoch: [144/200], Acc: [0.76000|0.77300], Early Stop: [19|40]
Task: [ 0|('flatfish', 'shark', 'bottle', 'squirrel', 'bear', 'lawn_mower', 'bus', 'rabbit', 'hamster', 'whale')], Epoch: [145/200], Acc: [0.73700|0.77300], Early Stop: [20|40]
Task: [ 0|('flatfish', 'shark', 'bottle', 'squirrel', 'bear', 'lawn_mower', 'bus', 'rabbit', 'hamster', 'whale')], Epoch: [146/200], Acc: [0.71100|0.77300], Early Stop: [21|40]
Task: [ 0|('flatfish', 'shark', 'bottle', 'squirrel', 'bear', 'lawn_mower', 'bus', 'rabbit', 'hamster', 'whale')], Epoch: [147/200], Acc: [0.75700|0.77300], Early Stop: [22|40]
Task: [ 0|('flatfish', 'shark', 'bottle', 'squirrel', 'bear', 'lawn_mower', 'bus', 'rabbit', 'hamster', 'whale')], Epoch: [148/200], Acc: [0.73600|0.77300], Early Stop: [23|40]
Task: [ 0|('flatfish', 'shark', 'bottle', 'squirrel', 'bear', 'lawn_mower', 'bus', 'rabbit', 'hamster', 'whale')], Epoch: [149/200], Acc: [0.76200|0.77300], Early Stop: [24|40]
Task: [ 0|('flatfish', 'shark', 'bottle', 'squirrel', 'bear', 'lawn_mower', 'bus', 'rabbit', 'hamster', 'whale')], Epoch: [150/200], Acc: [0.74600|0.77300], Early Stop: [25|40]
Task: [ 0|('flatfish', 'shark', 'bottle', 'squirrel', 'bear', 'lawn_mower', 'bus', 'rabbit', 'hamster', 'whale')], Epoch: [151/200], Acc: [0.75700|0.77300], Early Stop: [26|40]
Task: [ 0|('flatfish', 'shark', 'bottle', 'squirrel', 'bear', 'lawn_mower', 'bus', 'rabbit', 'hamster', 'whale')], Epoch: [152/200], Acc: [0.75600|0.77300], Early Stop: [27|40]
Task: [ 0|('flatfish', 'shark', 'bottle', 'squirrel', 'bear', 'lawn_mower', 'bus', 'rabbit', 'hamster', 'whale')], Epoch: [153/200], Acc: [0.76400|0.77300], Early Stop: [28|40]
Task: [ 0|('flatfish', 'shark', 'bottle', 'squirrel', 'bear', 'lawn_mower', 'bus', 'rabbit', 'hamster', 'whale')], Epoch: [154/200], Acc: [0.75500|0.77300], Early Stop: [29|40]
Task: [ 0|('flatfish', 'shark', 'bottle', 'squirrel', 'bear', 'lawn_mower', 'bus', 'rabbit', 'hamster', 'whale')], Epoch: [155/200], Acc: [0.75400|0.77300], Early Stop: [30|40]
Task: [ 0|('flatfish', 'shark', 'bottle', 'squirrel', 'bear', 'lawn_mower', 'bus', 'rabbit', 'hamster', 'whale')], Epoch: [156/200], Acc: [0.77300|0.77300], Early Stop: [31|40]
Task: [ 0|('flatfish', 'shark', 'bottle', 'squirrel', 'bear', 'lawn_mower', 'bus', 'rabbit', 'hamster', 'whale')], Epoch: [157/200], new top1 Acc: 0.77600
Task: [ 0|('flatfish', 'shark', 'bottle', 'squirrel', 'bear', 'lawn_mower', 'bus', 'rabbit', 'hamster', 'whale')], Epoch: [158/200], new top1 Acc: 0.77900
Task: [ 0|('flatfish', 'shark', 'bottle', 'squirrel', 'bear', 'lawn_mower', 'bus', 'rabbit', 'hamster', 'whale')], Epoch: [159/200], Acc: [0.74500|0.77900], Early Stop: [ 1|40]
Task: [ 0|('flatfish', 'shark', 'bottle', 'squirrel', 'bear', 'lawn_mower', 'bus', 'rabbit', 'hamster', 'whale')], Epoch: [160/200], Acc: [0.73300|0.77900], Early Stop: [ 2|40]
Task: [ 0|('flatfish', 'shark', 'bottle', 'squirrel', 'bear', 'lawn_mower', 'bus', 'rabbit', 'hamster', 'whale')], Epoch: [161/200], Acc: [0.75700|0.77900], Early Stop: [ 3|40]
Task: [ 0|('flatfish', 'shark', 'bottle', 'squirrel', 'bear', 'lawn_mower', 'bus', 'rabbit', 'hamster', 'whale')], Epoch: [162/200], Acc: [0.77400|0.77900], Early Stop: [ 4|40]
Task: [ 0|('flatfish', 'shark', 'bottle', 'squirrel', 'bear', 'lawn_mower', 'bus', 'rabbit', 'hamster', 'whale')], Epoch: [163/200], Acc: [0.76100|0.77900], Early Stop: [ 5|40]
Task: [ 0|('flatfish', 'shark', 'bottle', 'squirrel', 'bear', 'lawn_mower', 'bus', 'rabbit', 'hamster', 'whale')], Epoch: [164/200], Acc: [0.74100|0.77900], Early Stop: [ 6|40]
Task: [ 0|('flatfish', 'shark', 'bottle', 'squirrel', 'bear', 'lawn_mower', 'bus', 'rabbit', 'hamster', 'whale')], Epoch: [165/200], Acc: [0.75300|0.77900], Early Stop: [ 7|40]
Task: [ 0|('flatfish', 'shark', 'bottle', 'squirrel', 'bear', 'lawn_mower', 'bus', 'rabbit', 'hamster', 'whale')], Epoch: [166/200], Acc: [0.77700|0.77900], Early Stop: [ 8|40]
Task: [ 0|('flatfish', 'shark', 'bottle', 'squirrel', 'bear', 'lawn_mower', 'bus', 'rabbit', 'hamster', 'whale')], Epoch: [167/200], Acc: [0.76200|0.77900], Early Stop: [ 9|40]
Task: [ 0|('flatfish', 'shark', 'bottle', 'squirrel', 'bear', 'lawn_mower', 'bus', 'rabbit', 'hamster', 'whale')], Epoch: [168/200], Acc: [0.75000|0.77900], Early Stop: [10|40]
Task: [ 0|('flatfish', 'shark', 'bottle', 'squirrel', 'bear', 'lawn_mower', 'bus', 'rabbit', 'hamster', 'whale')], Epoch: [169/200], Acc: [0.77100|0.77900], Early Stop: [11|40]
Task: [ 0|('flatfish', 'shark', 'bottle', 'squirrel', 'bear', 'lawn_mower', 'bus', 'rabbit', 'hamster', 'whale')], Epoch: [170/200], Acc: [0.74600|0.77900], Early Stop: [12|40]
Task: [ 0|('flatfish', 'shark', 'bottle', 'squirrel', 'bear', 'lawn_mower', 'bus', 'rabbit', 'hamster', 'whale')], Epoch: [171/200], Acc: [0.77000|0.77900], Early Stop: [13|40]
Task: [ 0|('flatfish', 'shark', 'bottle', 'squirrel', 'bear', 'lawn_mower', 'bus', 'rabbit', 'hamster', 'whale')], Epoch: [172/200], Acc: [0.76000|0.77900], Early Stop: [14|40]
Task: [ 0|('flatfish', 'shark', 'bottle', 'squirrel', 'bear', 'lawn_mower', 'bus', 'rabbit', 'hamster', 'whale')], Epoch: [173/200], Acc: [0.76700|0.77900], Early Stop: [15|40]
Task: [ 0|('flatfish', 'shark', 'bottle', 'squirrel', 'bear', 'lawn_mower', 'bus', 'rabbit', 'hamster', 'whale')], Epoch: [174/200], Acc: [0.72900|0.77900], Early Stop: [16|40]
Task: [ 0|('flatfish', 'shark', 'bottle', 'squirrel', 'bear', 'lawn_mower', 'bus', 'rabbit', 'hamster', 'whale')], Epoch: [175/200], Acc: [0.69400|0.77900], Early Stop: [17|40]
Task: [ 0|('flatfish', 'shark', 'bottle', 'squirrel', 'bear', 'lawn_mower', 'bus', 'rabbit', 'hamster', 'whale')], Epoch: [176/200], Acc: [0.74700|0.77900], Early Stop: [18|40]
Task: [ 0|('flatfish', 'shark', 'bottle', 'squirrel', 'bear', 'lawn_mower', 'bus', 'rabbit', 'hamster', 'whale')], Epoch: [177/200], Acc: [0.77600|0.77900], Early Stop: [19|40]
Task: [ 0|('flatfish', 'shark', 'bottle', 'squirrel', 'bear', 'lawn_mower', 'bus', 'rabbit', 'hamster', 'whale')], Epoch: [178/200], Acc: [0.77100|0.77900], Early Stop: [20|40]
Task: [ 0|('flatfish', 'shark', 'bottle', 'squirrel', 'bear', 'lawn_mower', 'bus', 'rabbit', 'hamster', 'whale')], Epoch: [179/200], Acc: [0.77100|0.77900], Early Stop: [21|40]
Task: [ 0|('flatfish', 'shark', 'bottle', 'squirrel', 'bear', 'lawn_mower', 'bus', 'rabbit', 'hamster', 'whale')], Epoch: [180/200], Acc: [0.76300|0.77900], Early Stop: [22|40]
Task: [ 0|('flatfish', 'shark', 'bottle', 'squirrel', 'bear', 'lawn_mower', 'bus', 'rabbit', 'hamster', 'whale')], Epoch: [181/200], Acc: [0.75400|0.77900], Early Stop: [23|40]
Task: [ 0|('flatfish', 'shark', 'bottle', 'squirrel', 'bear', 'lawn_mower', 'bus', 'rabbit', 'hamster', 'whale')], Epoch: [182/200], Acc: [0.75400|0.77900], Early Stop: [24|40]
Task: [ 0|('flatfish', 'shark', 'bottle', 'squirrel', 'bear', 'lawn_mower', 'bus', 'rabbit', 'hamster', 'whale')], Epoch: [183/200], Acc: [0.75600|0.77900], Early Stop: [25|40]
Task: [ 0|('flatfish', 'shark', 'bottle', 'squirrel', 'bear', 'lawn_mower', 'bus', 'rabbit', 'hamster', 'whale')], Epoch: [184/200], Acc: [0.74200|0.77900], Early Stop: [26|40]
Task: [ 0|('flatfish', 'shark', 'bottle', 'squirrel', 'bear', 'lawn_mower', 'bus', 'rabbit', 'hamster', 'whale')], Epoch: [185/200], Acc: [0.74900|0.77900], Early Stop: [27|40]
Task: [ 0|('flatfish', 'shark', 'bottle', 'squirrel', 'bear', 'lawn_mower', 'bus', 'rabbit', 'hamster', 'whale')], Epoch: [186/200], Acc: [0.76100|0.77900], Early Stop: [28|40]
Task: [ 0|('flatfish', 'shark', 'bottle', 'squirrel', 'bear', 'lawn_mower', 'bus', 'rabbit', 'hamster', 'whale')], Epoch: [187/200], Acc: [0.76800|0.77900], Early Stop: [29|40]
Task: [ 0|('flatfish', 'shark', 'bottle', 'squirrel', 'bear', 'lawn_mower', 'bus', 'rabbit', 'hamster', 'whale')], Epoch: [188/200], Acc: [0.77200|0.77900], Early Stop: [30|40]
Task: [ 0|('flatfish', 'shark', 'bottle', 'squirrel', 'bear', 'lawn_mower', 'bus', 'rabbit', 'hamster', 'whale')], Epoch: [189/200], Acc: [0.74100|0.77900], Early Stop: [31|40]
Task: [ 0|('flatfish', 'shark', 'bottle', 'squirrel', 'bear', 'lawn_mower', 'bus', 'rabbit', 'hamster', 'whale')], Epoch: [190/200], Acc: [0.77200|0.77900], Early Stop: [32|40]
Task: [ 0|('flatfish', 'shark', 'bottle', 'squirrel', 'bear', 'lawn_mower', 'bus', 'rabbit', 'hamster', 'whale')], Epoch: [191/200], Acc: [0.74000|0.77900], Early Stop: [33|40]
Task: [ 0|('flatfish', 'shark', 'bottle', 'squirrel', 'bear', 'lawn_mower', 'bus', 'rabbit', 'hamster', 'whale')], Epoch: [192/200], Acc: [0.76800|0.77900], Early Stop: [34|40]
Task: [ 0|('flatfish', 'shark', 'bottle', 'squirrel', 'bear', 'lawn_mower', 'bus', 'rabbit', 'hamster', 'whale')], Epoch: [193/200], Acc: [0.76800|0.77900], Early Stop: [35|40]
Task: [ 0|('flatfish', 'shark', 'bottle', 'squirrel', 'bear', 'lawn_mower', 'bus', 'rabbit', 'hamster', 'whale')], Epoch: [194/200], Acc: [0.77400|0.77900], Early Stop: [36|40]
Task: [ 0|('flatfish', 'shark', 'bottle', 'squirrel', 'bear', 'lawn_mower', 'bus', 'rabbit', 'hamster', 'whale')], Epoch: [195/200], Acc: [0.75100|0.77900], Early Stop: [37|40]
Task: [ 0|('flatfish', 'shark', 'bottle', 'squirrel', 'bear', 'lawn_mower', 'bus', 'rabbit', 'hamster', 'whale')], Epoch: [196/200], Acc: [0.77000|0.77900], Early Stop: [38|40]
Task: [ 0|('flatfish', 'shark', 'bottle', 'squirrel', 'bear', 'lawn_mower', 'bus', 'rabbit', 'hamster', 'whale')], Epoch: [197/200], Acc: [0.75500|0.77900], Early Stop: [39|40]
Task: [ 0|('flatfish', 'shark', 'bottle', 'squirrel', 'bear', 'lawn_mower', 'bus', 'rabbit', 'hamster', 'whale')], Epoch: [198/200], Acc: [0.77700|0.77900], Early Stop: [40|40]
Task: [ 0|('flatfish', 'shark', 'bottle', 'squirrel', 'bear', 'lawn_mower', 'bus', 'rabbit', 'hamster', 'whale')], end at Epoch: [198/200], switch to best model, best Acc: [0.77900]
Building Examplar Set: flatfish, saving 200 examples, K=2000
Building Examplar Set: shark, saving 200 examples, K=2000
Building Examplar Set: bottle, saving 200 examples, K=2000
Building Examplar Set: squirrel, saving 200 examples, K=2000
Building Examplar Set: bear, saving 200 examples, K=2000
Building Examplar Set: lawn_mower, saving 200 examples, K=2000
Building Examplar Set: bus, saving 200 examples, K=2000
Building Examplar Set: rabbit, saving 200 examples, K=2000
Building Examplar Set: hamster, saving 200 examples, K=2000
Building Examplar Set: whale, saving 200 examples, K=2000
Past Task: [0|('flatfish', 'shark', 'bottle', 'squirrel', 'bear', 'lawn_mower', 'bus', 'rabbit', 'hamster', 'whale')], Acc: 0.72600
After Task: [ 0|('flatfish', 'shark', 'bottle', 'squirrel', 'bear', 'lawn_mower', 'bus', 'rabbit', 'hamster', 'whale')], CL_Acc: 0.72600
New Task: ('baby', 'woman', 'table', 'trout', 'raccoon', 'mushroom', 'porcupine', 'lizard', 'possum', 'wardrobe')
Task: [ 1|('baby', 'woman', 'table', 'trout', 'raccoon', 'mushroom', 'porcupine', 'lizard', 'possum', 'wardrobe')], Epoch: [  0/200], new top1 Acc: 0.44000
Task: [ 1|('baby', 'woman', 'table', 'trout', 'raccoon', 'mushroom', 'porcupine', 'lizard', 'possum', 'wardrobe')], Epoch: [  1/200], new top1 Acc: 0.55500
Task: [ 1|('baby', 'woman', 'table', 'trout', 'raccoon', 'mushroom', 'porcupine', 'lizard', 'possum', 'wardrobe')], Epoch: [  2/200], new top1 Acc: 0.64100
Task: [ 1|('baby', 'woman', 'table', 'trout', 'raccoon', 'mushroom', 'porcupine', 'lizard', 'possum', 'wardrobe')], Epoch: [  3/200], Acc: [0.64100|0.64100], Early Stop: [ 1|40]
Task: [ 1|('baby', 'woman', 'table', 'trout', 'raccoon', 'mushroom', 'porcupine', 'lizard', 'possum', 'wardrobe')], Epoch: [  4/200], Acc: [0.63100|0.64100], Early Stop: [ 2|40]
Task: [ 1|('baby', 'woman', 'table', 'trout', 'raccoon', 'mushroom', 'porcupine', 'lizard', 'possum', 'wardrobe')], Epoch: [  5/200], new top1 Acc: 0.65500
Task: [ 1|('baby', 'woman', 'table', 'trout', 'raccoon', 'mushroom', 'porcupine', 'lizard', 'possum', 'wardrobe')], Epoch: [  6/200], new top1 Acc: 0.68700
Task: [ 1|('baby', 'woman', 'table', 'trout', 'raccoon', 'mushroom', 'porcupine', 'lizard', 'possum', 'wardrobe')], Epoch: [  7/200], Acc: [0.68700|0.68700], Early Stop: [ 1|40]
Task: [ 1|('baby', 'woman', 'table', 'trout', 'raccoon', 'mushroom', 'porcupine', 'lizard', 'possum', 'wardrobe')], Epoch: [  8/200], new top1 Acc: 0.70200
Task: [ 1|('baby', 'woman', 'table', 'trout', 'raccoon', 'mushroom', 'porcupine', 'lizard', 'possum', 'wardrobe')], Epoch: [  9/200], Acc: [0.66400|0.70200], Early Stop: [ 1|40]
Task: [ 1|('baby', 'woman', 'table', 'trout', 'raccoon', 'mushroom', 'porcupine', 'lizard', 'possum', 'wardrobe')], Epoch: [ 10/200], Acc: [0.68200|0.70200], Early Stop: [ 2|40]
Task: [ 1|('baby', 'woman', 'table', 'trout', 'raccoon', 'mushroom', 'porcupine', 'lizard', 'possum', 'wardrobe')], Epoch: [ 11/200], Acc: [0.69200|0.70200], Early Stop: [ 3|40]
Task: [ 1|('baby', 'woman', 'table', 'trout', 'raccoon', 'mushroom', 'porcupine', 'lizard', 'possum', 'wardrobe')], Epoch: [ 12/200], new top1 Acc: 0.70400
Task: [ 1|('baby', 'woman', 'table', 'trout', 'raccoon', 'mushroom', 'porcupine', 'lizard', 'possum', 'wardrobe')], Epoch: [ 13/200], new top1 Acc: 0.71200
Task: [ 1|('baby', 'woman', 'table', 'trout', 'raccoon', 'mushroom', 'porcupine', 'lizard', 'possum', 'wardrobe')], Epoch: [ 14/200], Acc: [0.69900|0.71200], Early Stop: [ 1|40]
Task: [ 1|('baby', 'woman', 'table', 'trout', 'raccoon', 'mushroom', 'porcupine', 'lizard', 'possum', 'wardrobe')], Epoch: [ 15/200], Acc: [0.70400|0.71200], Early Stop: [ 2|40]
Task: [ 1|('baby', 'woman', 'table', 'trout', 'raccoon', 'mushroom', 'porcupine', 'lizard', 'possum', 'wardrobe')], Epoch: [ 16/200], new top1 Acc: 0.74800
Task: [ 1|('baby', 'woman', 'table', 'trout', 'raccoon', 'mushroom', 'porcupine', 'lizard', 'possum', 'wardrobe')], Epoch: [ 17/200], Acc: [0.72100|0.74800], Early Stop: [ 1|40]
Task: [ 1|('baby', 'woman', 'table', 'trout', 'raccoon', 'mushroom', 'porcupine', 'lizard', 'possum', 'wardrobe')], Epoch: [ 18/200], Acc: [0.73200|0.74800], Early Stop: [ 2|40]
Task: [ 1|('baby', 'woman', 'table', 'trout', 'raccoon', 'mushroom', 'porcupine', 'lizard', 'possum', 'wardrobe')], Epoch: [ 19/200], Acc: [0.73700|0.74800], Early Stop: [ 3|40]
Task: [ 1|('baby', 'woman', 'table', 'trout', 'raccoon', 'mushroom', 'porcupine', 'lizard', 'possum', 'wardrobe')], Epoch: [ 20/200], Acc: [0.72600|0.74800], Early Stop: [ 4|40]
Task: [ 1|('baby', 'woman', 'table', 'trout', 'raccoon', 'mushroom', 'porcupine', 'lizard', 'possum', 'wardrobe')], Epoch: [ 21/200], Acc: [0.72800|0.74800], Early Stop: [ 5|40]
Task: [ 1|('baby', 'woman', 'table', 'trout', 'raccoon', 'mushroom', 'porcupine', 'lizard', 'possum', 'wardrobe')], Epoch: [ 22/200], Acc: [0.74100|0.74800], Early Stop: [ 6|40]
Task: [ 1|('baby', 'woman', 'table', 'trout', 'raccoon', 'mushroom', 'porcupine', 'lizard', 'possum', 'wardrobe')], Epoch: [ 23/200], Acc: [0.71000|0.74800], Early Stop: [ 7|40]
Task: [ 1|('baby', 'woman', 'table', 'trout', 'raccoon', 'mushroom', 'porcupine', 'lizard', 'possum', 'wardrobe')], Epoch: [ 24/200], Acc: [0.74700|0.74800], Early Stop: [ 8|40]
Task: [ 1|('baby', 'woman', 'table', 'trout', 'raccoon', 'mushroom', 'porcupine', 'lizard', 'possum', 'wardrobe')], Epoch: [ 25/200], Acc: [0.72200|0.74800], Early Stop: [ 9|40]
Task: [ 1|('baby', 'woman', 'table', 'trout', 'raccoon', 'mushroom', 'porcupine', 'lizard', 'possum', 'wardrobe')], Epoch: [ 26/200], new top1 Acc: 0.75100
Task: [ 1|('baby', 'woman', 'table', 'trout', 'raccoon', 'mushroom', 'porcupine', 'lizard', 'possum', 'wardrobe')], Epoch: [ 27/200], new top1 Acc: 0.77100
Task: [ 1|('baby', 'woman', 'table', 'trout', 'raccoon', 'mushroom', 'porcupine', 'lizard', 'possum', 'wardrobe')], Epoch: [ 28/200], Acc: [0.76000|0.77100], Early Stop: [ 1|40]
Task: [ 1|('baby', 'woman', 'table', 'trout', 'raccoon', 'mushroom', 'porcupine', 'lizard', 'possum', 'wardrobe')], Epoch: [ 29/200], Acc: [0.74000|0.77100], Early Stop: [ 2|40]
Task: [ 1|('baby', 'woman', 'table', 'trout', 'raccoon', 'mushroom', 'porcupine', 'lizard', 'possum', 'wardrobe')], Epoch: [ 30/200], Acc: [0.75000|0.77100], Early Stop: [ 3|40]
Task: [ 1|('baby', 'woman', 'table', 'trout', 'raccoon', 'mushroom', 'porcupine', 'lizard', 'possum', 'wardrobe')], Epoch: [ 31/200], Acc: [0.71300|0.77100], Early Stop: [ 4|40]
Task: [ 1|('baby', 'woman', 'table', 'trout', 'raccoon', 'mushroom', 'porcupine', 'lizard', 'possum', 'wardrobe')], Epoch: [ 32/200], Acc: [0.73000|0.77100], Early Stop: [ 5|40]
Task: [ 1|('baby', 'woman', 'table', 'trout', 'raccoon', 'mushroom', 'porcupine', 'lizard', 'possum', 'wardrobe')], Epoch: [ 33/200], Acc: [0.72000|0.77100], Early Stop: [ 6|40]
Task: [ 1|('baby', 'woman', 'table', 'trout', 'raccoon', 'mushroom', 'porcupine', 'lizard', 'possum', 'wardrobe')], Epoch: [ 34/200], Acc: [0.75600|0.77100], Early Stop: [ 7|40]
Task: [ 1|('baby', 'woman', 'table', 'trout', 'raccoon', 'mushroom', 'porcupine', 'lizard', 'possum', 'wardrobe')], Epoch: [ 35/200], Acc: [0.72500|0.77100], Early Stop: [ 8|40]
Task: [ 1|('baby', 'woman', 'table', 'trout', 'raccoon', 'mushroom', 'porcupine', 'lizard', 'possum', 'wardrobe')], Epoch: [ 36/200], Acc: [0.76200|0.77100], Early Stop: [ 9|40]
Task: [ 1|('baby', 'woman', 'table', 'trout', 'raccoon', 'mushroom', 'porcupine', 'lizard', 'possum', 'wardrobe')], Epoch: [ 37/200], Acc: [0.73600|0.77100], Early Stop: [10|40]
Task: [ 1|('baby', 'woman', 'table', 'trout', 'raccoon', 'mushroom', 'porcupine', 'lizard', 'possum', 'wardrobe')], Epoch: [ 38/200], Acc: [0.73600|0.77100], Early Stop: [11|40]
Task: [ 1|('baby', 'woman', 'table', 'trout', 'raccoon', 'mushroom', 'porcupine', 'lizard', 'possum', 'wardrobe')], Epoch: [ 39/200], Acc: [0.73500|0.77100], Early Stop: [12|40]
Task: [ 1|('baby', 'woman', 'table', 'trout', 'raccoon', 'mushroom', 'porcupine', 'lizard', 'possum', 'wardrobe')], Epoch: [ 40/200], Acc: [0.74600|0.77100], Early Stop: [13|40]
Task: [ 1|('baby', 'woman', 'table', 'trout', 'raccoon', 'mushroom', 'porcupine', 'lizard', 'possum', 'wardrobe')], Epoch: [ 41/200], Acc: [0.74700|0.77100], Early Stop: [14|40]
Task: [ 1|('baby', 'woman', 'table', 'trout', 'raccoon', 'mushroom', 'porcupine', 'lizard', 'possum', 'wardrobe')], Epoch: [ 42/200], Acc: [0.76300|0.77100], Early Stop: [15|40]
Task: [ 1|('baby', 'woman', 'table', 'trout', 'raccoon', 'mushroom', 'porcupine', 'lizard', 'possum', 'wardrobe')], Epoch: [ 43/200], Acc: [0.74600|0.77100], Early Stop: [16|40]
Task: [ 1|('baby', 'woman', 'table', 'trout', 'raccoon', 'mushroom', 'porcupine', 'lizard', 'possum', 'wardrobe')], Epoch: [ 44/200], Acc: [0.75600|0.77100], Early Stop: [17|40]
Task: [ 1|('baby', 'woman', 'table', 'trout', 'raccoon', 'mushroom', 'porcupine', 'lizard', 'possum', 'wardrobe')], Epoch: [ 45/200], Acc: [0.76700|0.77100], Early Stop: [18|40]
Task: [ 1|('baby', 'woman', 'table', 'trout', 'raccoon', 'mushroom', 'porcupine', 'lizard', 'possum', 'wardrobe')], Epoch: [ 46/200], Acc: [0.72900|0.77100], Early Stop: [19|40]
Task: [ 1|('baby', 'woman', 'table', 'trout', 'raccoon', 'mushroom', 'porcupine', 'lizard', 'possum', 'wardrobe')], Epoch: [ 47/200], Acc: [0.73200|0.77100], Early Stop: [20|40]
Task: [ 1|('baby', 'woman', 'table', 'trout', 'raccoon', 'mushroom', 'porcupine', 'lizard', 'possum', 'wardrobe')], Epoch: [ 48/200], Acc: [0.76400|0.77100], Early Stop: [21|40]
Task: [ 1|('baby', 'woman', 'table', 'trout', 'raccoon', 'mushroom', 'porcupine', 'lizard', 'possum', 'wardrobe')], Epoch: [ 49/200], Acc: [0.75100|0.77100], Early Stop: [22|40]
Task: [ 1|('baby', 'woman', 'table', 'trout', 'raccoon', 'mushroom', 'porcupine', 'lizard', 'possum', 'wardrobe')], Epoch: [ 50/200], Acc: [0.75700|0.77100], Early Stop: [23|40]
Task: [ 1|('baby', 'woman', 'table', 'trout', 'raccoon', 'mushroom', 'porcupine', 'lizard', 'possum', 'wardrobe')], Epoch: [ 51/200], Acc: [0.75900|0.77100], Early Stop: [24|40]
Task: [ 1|('baby', 'woman', 'table', 'trout', 'raccoon', 'mushroom', 'porcupine', 'lizard', 'possum', 'wardrobe')], Epoch: [ 52/200], Acc: [0.75800|0.77100], Early Stop: [25|40]
Task: [ 1|('baby', 'woman', 'table', 'trout', 'raccoon', 'mushroom', 'porcupine', 'lizard', 'possum', 'wardrobe')], Epoch: [ 53/200], Acc: [0.74400|0.77100], Early Stop: [26|40]
Task: [ 1|('baby', 'woman', 'table', 'trout', 'raccoon', 'mushroom', 'porcupine', 'lizard', 'possum', 'wardrobe')], Epoch: [ 54/200], Acc: [0.74500|0.77100], Early Stop: [27|40]
Task: [ 1|('baby', 'woman', 'table', 'trout', 'raccoon', 'mushroom', 'porcupine', 'lizard', 'possum', 'wardrobe')], Epoch: [ 55/200], Acc: [0.76000|0.77100], Early Stop: [28|40]
Task: [ 1|('baby', 'woman', 'table', 'trout', 'raccoon', 'mushroom', 'porcupine', 'lizard', 'possum', 'wardrobe')], Epoch: [ 56/200], Acc: [0.75900|0.77100], Early Stop: [29|40]
Task: [ 1|('baby', 'woman', 'table', 'trout', 'raccoon', 'mushroom', 'porcupine', 'lizard', 'possum', 'wardrobe')], Epoch: [ 57/200], Acc: [0.77000|0.77100], Early Stop: [30|40]
Task: [ 1|('baby', 'woman', 'table', 'trout', 'raccoon', 'mushroom', 'porcupine', 'lizard', 'possum', 'wardrobe')], Epoch: [ 58/200], new top1 Acc: 0.77200
Task: [ 1|('baby', 'woman', 'table', 'trout', 'raccoon', 'mushroom', 'porcupine', 'lizard', 'possum', 'wardrobe')], Epoch: [ 59/200], Acc: [0.72900|0.77200], Early Stop: [ 1|40]
Task: [ 1|('baby', 'woman', 'table', 'trout', 'raccoon', 'mushroom', 'porcupine', 'lizard', 'possum', 'wardrobe')], Epoch: [ 60/200], Acc: [0.76700|0.77200], Early Stop: [ 2|40]
Task: [ 1|('baby', 'woman', 'table', 'trout', 'raccoon', 'mushroom', 'porcupine', 'lizard', 'possum', 'wardrobe')], Epoch: [ 61/200], Acc: [0.76200|0.77200], Early Stop: [ 3|40]
Task: [ 1|('baby', 'woman', 'table', 'trout', 'raccoon', 'mushroom', 'porcupine', 'lizard', 'possum', 'wardrobe')], Epoch: [ 62/200], Acc: [0.76100|0.77200], Early Stop: [ 4|40]
Task: [ 1|('baby', 'woman', 'table', 'trout', 'raccoon', 'mushroom', 'porcupine', 'lizard', 'possum', 'wardrobe')], Epoch: [ 63/200], Acc: [0.75400|0.77200], Early Stop: [ 5|40]
Task: [ 1|('baby', 'woman', 'table', 'trout', 'raccoon', 'mushroom', 'porcupine', 'lizard', 'possum', 'wardrobe')], Epoch: [ 64/200], Acc: [0.76700|0.77200], Early Stop: [ 6|40]
Task: [ 1|('baby', 'woman', 'table', 'trout', 'raccoon', 'mushroom', 'porcupine', 'lizard', 'possum', 'wardrobe')], Epoch: [ 65/200], Acc: [0.77000|0.77200], Early Stop: [ 7|40]
Task: [ 1|('baby', 'woman', 'table', 'trout', 'raccoon', 'mushroom', 'porcupine', 'lizard', 'possum', 'wardrobe')], Epoch: [ 66/200], new top1 Acc: 0.77700
Task: [ 1|('baby', 'woman', 'table', 'trout', 'raccoon', 'mushroom', 'porcupine', 'lizard', 'possum', 'wardrobe')], Epoch: [ 67/200], Acc: [0.71300|0.77700], Early Stop: [ 1|40]
Task: [ 1|('baby', 'woman', 'table', 'trout', 'raccoon', 'mushroom', 'porcupine', 'lizard', 'possum', 'wardrobe')], Epoch: [ 68/200], Acc: [0.76700|0.77700], Early Stop: [ 2|40]
Task: [ 1|('baby', 'woman', 'table', 'trout', 'raccoon', 'mushroom', 'porcupine', 'lizard', 'possum', 'wardrobe')], Epoch: [ 69/200], Acc: [0.77200|0.77700], Early Stop: [ 3|40]
Task: [ 1|('baby', 'woman', 'table', 'trout', 'raccoon', 'mushroom', 'porcupine', 'lizard', 'possum', 'wardrobe')], Epoch: [ 70/200], Acc: [0.76400|0.77700], Early Stop: [ 4|40]
Task: [ 1|('baby', 'woman', 'table', 'trout', 'raccoon', 'mushroom', 'porcupine', 'lizard', 'possum', 'wardrobe')], Epoch: [ 71/200], Acc: [0.73500|0.77700], Early Stop: [ 5|40]
Task: [ 1|('baby', 'woman', 'table', 'trout', 'raccoon', 'mushroom', 'porcupine', 'lizard', 'possum', 'wardrobe')], Epoch: [ 72/200], Acc: [0.75900|0.77700], Early Stop: [ 6|40]
Task: [ 1|('baby', 'woman', 'table', 'trout', 'raccoon', 'mushroom', 'porcupine', 'lizard', 'possum', 'wardrobe')], Epoch: [ 73/200], Acc: [0.75200|0.77700], Early Stop: [ 7|40]
Task: [ 1|('baby', 'woman', 'table', 'trout', 'raccoon', 'mushroom', 'porcupine', 'lizard', 'possum', 'wardrobe')], Epoch: [ 74/200], Acc: [0.76700|0.77700], Early Stop: [ 8|40]
Task: [ 1|('baby', 'woman', 'table', 'trout', 'raccoon', 'mushroom', 'porcupine', 'lizard', 'possum', 'wardrobe')], Epoch: [ 75/200], Acc: [0.76900|0.77700], Early Stop: [ 9|40]
Task: [ 1|('baby', 'woman', 'table', 'trout', 'raccoon', 'mushroom', 'porcupine', 'lizard', 'possum', 'wardrobe')], Epoch: [ 76/200], Acc: [0.77200|0.77700], Early Stop: [10|40]
Task: [ 1|('baby', 'woman', 'table', 'trout', 'raccoon', 'mushroom', 'porcupine', 'lizard', 'possum', 'wardrobe')], Epoch: [ 77/200], Acc: [0.77000|0.77700], Early Stop: [11|40]
Task: [ 1|('baby', 'woman', 'table', 'trout', 'raccoon', 'mushroom', 'porcupine', 'lizard', 'possum', 'wardrobe')], Epoch: [ 78/200], new top1 Acc: 0.77800
Task: [ 1|('baby', 'woman', 'table', 'trout', 'raccoon', 'mushroom', 'porcupine', 'lizard', 'possum', 'wardrobe')], Epoch: [ 79/200], Acc: [0.76200|0.77800], Early Stop: [ 1|40]
Task: [ 1|('baby', 'woman', 'table', 'trout', 'raccoon', 'mushroom', 'porcupine', 'lizard', 'possum', 'wardrobe')], Epoch: [ 80/200], Acc: [0.76500|0.77800], Early Stop: [ 2|40]
Task: [ 1|('baby', 'woman', 'table', 'trout', 'raccoon', 'mushroom', 'porcupine', 'lizard', 'possum', 'wardrobe')], Epoch: [ 81/200], Acc: [0.76900|0.77800], Early Stop: [ 3|40]
Task: [ 1|('baby', 'woman', 'table', 'trout', 'raccoon', 'mushroom', 'porcupine', 'lizard', 'possum', 'wardrobe')], Epoch: [ 82/200], Acc: [0.75800|0.77800], Early Stop: [ 4|40]
Task: [ 1|('baby', 'woman', 'table', 'trout', 'raccoon', 'mushroom', 'porcupine', 'lizard', 'possum', 'wardrobe')], Epoch: [ 83/200], Acc: [0.77400|0.77800], Early Stop: [ 5|40]
Task: [ 1|('baby', 'woman', 'table', 'trout', 'raccoon', 'mushroom', 'porcupine', 'lizard', 'possum', 'wardrobe')], Epoch: [ 84/200], Acc: [0.77000|0.77800], Early Stop: [ 6|40]
Task: [ 1|('baby', 'woman', 'table', 'trout', 'raccoon', 'mushroom', 'porcupine', 'lizard', 'possum', 'wardrobe')], Epoch: [ 85/200], Acc: [0.77400|0.77800], Early Stop: [ 7|40]
Task: [ 1|('baby', 'woman', 'table', 'trout', 'raccoon', 'mushroom', 'porcupine', 'lizard', 'possum', 'wardrobe')], Epoch: [ 86/200], new top1 Acc: 0.78800
Task: [ 1|('baby', 'woman', 'table', 'trout', 'raccoon', 'mushroom', 'porcupine', 'lizard', 'possum', 'wardrobe')], Epoch: [ 87/200], Acc: [0.76700|0.78800], Early Stop: [ 1|40]
Task: [ 1|('baby', 'woman', 'table', 'trout', 'raccoon', 'mushroom', 'porcupine', 'lizard', 'possum', 'wardrobe')], Epoch: [ 88/200], Acc: [0.76900|0.78800], Early Stop: [ 2|40]
Task: [ 1|('baby', 'woman', 'table', 'trout', 'raccoon', 'mushroom', 'porcupine', 'lizard', 'possum', 'wardrobe')], Epoch: [ 89/200], Acc: [0.76100|0.78800], Early Stop: [ 3|40]
Task: [ 1|('baby', 'woman', 'table', 'trout', 'raccoon', 'mushroom', 'porcupine', 'lizard', 'possum', 'wardrobe')], Epoch: [ 90/200], Acc: [0.77200|0.78800], Early Stop: [ 4|40]
Task: [ 1|('baby', 'woman', 'table', 'trout', 'raccoon', 'mushroom', 'porcupine', 'lizard', 'possum', 'wardrobe')], Epoch: [ 91/200], Acc: [0.74400|0.78800], Early Stop: [ 5|40]
Task: [ 1|('baby', 'woman', 'table', 'trout', 'raccoon', 'mushroom', 'porcupine', 'lizard', 'possum', 'wardrobe')], Epoch: [ 92/200], Acc: [0.77200|0.78800], Early Stop: [ 6|40]
Task: [ 1|('baby', 'woman', 'table', 'trout', 'raccoon', 'mushroom', 'porcupine', 'lizard', 'possum', 'wardrobe')], Epoch: [ 93/200], Acc: [0.76700|0.78800], Early Stop: [ 7|40]
Task: [ 1|('baby', 'woman', 'table', 'trout', 'raccoon', 'mushroom', 'porcupine', 'lizard', 'possum', 'wardrobe')], Epoch: [ 94/200], Acc: [0.75300|0.78800], Early Stop: [ 8|40]
Task: [ 1|('baby', 'woman', 'table', 'trout', 'raccoon', 'mushroom', 'porcupine', 'lizard', 'possum', 'wardrobe')], Epoch: [ 95/200], Acc: [0.76500|0.78800], Early Stop: [ 9|40]
Task: [ 1|('baby', 'woman', 'table', 'trout', 'raccoon', 'mushroom', 'porcupine', 'lizard', 'possum', 'wardrobe')], Epoch: [ 96/200], Acc: [0.76000|0.78800], Early Stop: [10|40]
Task: [ 1|('baby', 'woman', 'table', 'trout', 'raccoon', 'mushroom', 'porcupine', 'lizard', 'possum', 'wardrobe')], Epoch: [ 97/200], Acc: [0.74800|0.78800], Early Stop: [11|40]
Task: [ 1|('baby', 'woman', 'table', 'trout', 'raccoon', 'mushroom', 'porcupine', 'lizard', 'possum', 'wardrobe')], Epoch: [ 98/200], Acc: [0.75900|0.78800], Early Stop: [12|40]
Task: [ 1|('baby', 'woman', 'table', 'trout', 'raccoon', 'mushroom', 'porcupine', 'lizard', 'possum', 'wardrobe')], Epoch: [ 99/200], Acc: [0.78300|0.78800], Early Stop: [13|40]
Task: [ 1|('baby', 'woman', 'table', 'trout', 'raccoon', 'mushroom', 'porcupine', 'lizard', 'possum', 'wardrobe')], Epoch: [100/200], Acc: [0.77500|0.78800], Early Stop: [14|40]
Task: [ 1|('baby', 'woman', 'table', 'trout', 'raccoon', 'mushroom', 'porcupine', 'lizard', 'possum', 'wardrobe')], Epoch: [101/200], Acc: [0.76100|0.78800], Early Stop: [15|40]
Task: [ 1|('baby', 'woman', 'table', 'trout', 'raccoon', 'mushroom', 'porcupine', 'lizard', 'possum', 'wardrobe')], Epoch: [102/200], Acc: [0.78000|0.78800], Early Stop: [16|40]
Task: [ 1|('baby', 'woman', 'table', 'trout', 'raccoon', 'mushroom', 'porcupine', 'lizard', 'possum', 'wardrobe')], Epoch: [103/200], Acc: [0.73900|0.78800], Early Stop: [17|40]
Task: [ 1|('baby', 'woman', 'table', 'trout', 'raccoon', 'mushroom', 'porcupine', 'lizard', 'possum', 'wardrobe')], Epoch: [104/200], Acc: [0.75200|0.78800], Early Stop: [18|40]
Task: [ 1|('baby', 'woman', 'table', 'trout', 'raccoon', 'mushroom', 'porcupine', 'lizard', 'possum', 'wardrobe')], Epoch: [105/200], Acc: [0.76500|0.78800], Early Stop: [19|40]
Task: [ 1|('baby', 'woman', 'table', 'trout', 'raccoon', 'mushroom', 'porcupine', 'lizard', 'possum', 'wardrobe')], Epoch: [106/200], Acc: [0.75300|0.78800], Early Stop: [20|40]
Task: [ 1|('baby', 'woman', 'table', 'trout', 'raccoon', 'mushroom', 'porcupine', 'lizard', 'possum', 'wardrobe')], Epoch: [107/200], Acc: [0.76600|0.78800], Early Stop: [21|40]
Task: [ 1|('baby', 'woman', 'table', 'trout', 'raccoon', 'mushroom', 'porcupine', 'lizard', 'possum', 'wardrobe')], Epoch: [108/200], Acc: [0.77300|0.78800], Early Stop: [22|40]
Task: [ 1|('baby', 'woman', 'table', 'trout', 'raccoon', 'mushroom', 'porcupine', 'lizard', 'possum', 'wardrobe')], Epoch: [109/200], Acc: [0.77800|0.78800], Early Stop: [23|40]
Task: [ 1|('baby', 'woman', 'table', 'trout', 'raccoon', 'mushroom', 'porcupine', 'lizard', 'possum', 'wardrobe')], Epoch: [110/200], Acc: [0.77000|0.78800], Early Stop: [24|40]
Task: [ 1|('baby', 'woman', 'table', 'trout', 'raccoon', 'mushroom', 'porcupine', 'lizard', 'possum', 'wardrobe')], Epoch: [111/200], Acc: [0.78000|0.78800], Early Stop: [25|40]
Task: [ 1|('baby', 'woman', 'table', 'trout', 'raccoon', 'mushroom', 'porcupine', 'lizard', 'possum', 'wardrobe')], Epoch: [112/200], Acc: [0.78200|0.78800], Early Stop: [26|40]
Task: [ 1|('baby', 'woman', 'table', 'trout', 'raccoon', 'mushroom', 'porcupine', 'lizard', 'possum', 'wardrobe')], Epoch: [113/200], Acc: [0.77500|0.78800], Early Stop: [27|40]
Task: [ 1|('baby', 'woman', 'table', 'trout', 'raccoon', 'mushroom', 'porcupine', 'lizard', 'possum', 'wardrobe')], Epoch: [114/200], Acc: [0.75200|0.78800], Early Stop: [28|40]
Task: [ 1|('baby', 'woman', 'table', 'trout', 'raccoon', 'mushroom', 'porcupine', 'lizard', 'possum', 'wardrobe')], Epoch: [115/200], Acc: [0.77900|0.78800], Early Stop: [29|40]
Task: [ 1|('baby', 'woman', 'table', 'trout', 'raccoon', 'mushroom', 'porcupine', 'lizard', 'possum', 'wardrobe')], Epoch: [116/200], Acc: [0.77500|0.78800], Early Stop: [30|40]
Task: [ 1|('baby', 'woman', 'table', 'trout', 'raccoon', 'mushroom', 'porcupine', 'lizard', 'possum', 'wardrobe')], Epoch: [117/200], Acc: [0.75800|0.78800], Early Stop: [31|40]
Task: [ 1|('baby', 'woman', 'table', 'trout', 'raccoon', 'mushroom', 'porcupine', 'lizard', 'possum', 'wardrobe')], Epoch: [118/200], Acc: [0.77800|0.78800], Early Stop: [32|40]
Task: [ 1|('baby', 'woman', 'table', 'trout', 'raccoon', 'mushroom', 'porcupine', 'lizard', 'possum', 'wardrobe')], Epoch: [119/200], Acc: [0.75100|0.78800], Early Stop: [33|40]
Task: [ 1|('baby', 'woman', 'table', 'trout', 'raccoon', 'mushroom', 'porcupine', 'lizard', 'possum', 'wardrobe')], Epoch: [120/200], Acc: [0.75500|0.78800], Early Stop: [34|40]
Task: [ 1|('baby', 'woman', 'table', 'trout', 'raccoon', 'mushroom', 'porcupine', 'lizard', 'possum', 'wardrobe')], Epoch: [121/200], Acc: [0.74800|0.78800], Early Stop: [35|40]
Task: [ 1|('baby', 'woman', 'table', 'trout', 'raccoon', 'mushroom', 'porcupine', 'lizard', 'possum', 'wardrobe')], Epoch: [122/200], Acc: [0.78600|0.78800], Early Stop: [36|40]
Task: [ 1|('baby', 'woman', 'table', 'trout', 'raccoon', 'mushroom', 'porcupine', 'lizard', 'possum', 'wardrobe')], Epoch: [123/200], Acc: [0.76600|0.78800], Early Stop: [37|40]
Task: [ 1|('baby', 'woman', 'table', 'trout', 'raccoon', 'mushroom', 'porcupine', 'lizard', 'possum', 'wardrobe')], Epoch: [124/200], Acc: [0.78200|0.78800], Early Stop: [38|40]
Task: [ 1|('baby', 'woman', 'table', 'trout', 'raccoon', 'mushroom', 'porcupine', 'lizard', 'possum', 'wardrobe')], Epoch: [125/200], new top1 Acc: 0.79000
Task: [ 1|('baby', 'woman', 'table', 'trout', 'raccoon', 'mushroom', 'porcupine', 'lizard', 'possum', 'wardrobe')], Epoch: [126/200], Acc: [0.77900|0.79000], Early Stop: [ 1|40]
Task: [ 1|('baby', 'woman', 'table', 'trout', 'raccoon', 'mushroom', 'porcupine', 'lizard', 'possum', 'wardrobe')], Epoch: [127/200], Acc: [0.77100|0.79000], Early Stop: [ 2|40]
Task: [ 1|('baby', 'woman', 'table', 'trout', 'raccoon', 'mushroom', 'porcupine', 'lizard', 'possum', 'wardrobe')], Epoch: [128/200], Acc: [0.78200|0.79000], Early Stop: [ 3|40]
Task: [ 1|('baby', 'woman', 'table', 'trout', 'raccoon', 'mushroom', 'porcupine', 'lizard', 'possum', 'wardrobe')], Epoch: [129/200], Acc: [0.77800|0.79000], Early Stop: [ 4|40]
Task: [ 1|('baby', 'woman', 'table', 'trout', 'raccoon', 'mushroom', 'porcupine', 'lizard', 'possum', 'wardrobe')], Epoch: [130/200], Acc: [0.75900|0.79000], Early Stop: [ 5|40]
Task: [ 1|('baby', 'woman', 'table', 'trout', 'raccoon', 'mushroom', 'porcupine', 'lizard', 'possum', 'wardrobe')], Epoch: [131/200], Acc: [0.78400|0.79000], Early Stop: [ 6|40]
Task: [ 1|('baby', 'woman', 'table', 'trout', 'raccoon', 'mushroom', 'porcupine', 'lizard', 'possum', 'wardrobe')], Epoch: [132/200], Acc: [0.76700|0.79000], Early Stop: [ 7|40]
Task: [ 1|('baby', 'woman', 'table', 'trout', 'raccoon', 'mushroom', 'porcupine', 'lizard', 'possum', 'wardrobe')], Epoch: [133/200], Acc: [0.76400|0.79000], Early Stop: [ 8|40]
Task: [ 1|('baby', 'woman', 'table', 'trout', 'raccoon', 'mushroom', 'porcupine', 'lizard', 'possum', 'wardrobe')], Epoch: [134/200], Acc: [0.77200|0.79000], Early Stop: [ 9|40]
Task: [ 1|('baby', 'woman', 'table', 'trout', 'raccoon', 'mushroom', 'porcupine', 'lizard', 'possum', 'wardrobe')], Epoch: [135/200], Acc: [0.77800|0.79000], Early Stop: [10|40]
Task: [ 1|('baby', 'woman', 'table', 'trout', 'raccoon', 'mushroom', 'porcupine', 'lizard', 'possum', 'wardrobe')], Epoch: [136/200], Acc: [0.74000|0.79000], Early Stop: [11|40]
Task: [ 1|('baby', 'woman', 'table', 'trout', 'raccoon', 'mushroom', 'porcupine', 'lizard', 'possum', 'wardrobe')], Epoch: [137/200], Acc: [0.74400|0.79000], Early Stop: [12|40]
Task: [ 1|('baby', 'woman', 'table', 'trout', 'raccoon', 'mushroom', 'porcupine', 'lizard', 'possum', 'wardrobe')], Epoch: [138/200], Acc: [0.75900|0.79000], Early Stop: [13|40]
Task: [ 1|('baby', 'woman', 'table', 'trout', 'raccoon', 'mushroom', 'porcupine', 'lizard', 'possum', 'wardrobe')], Epoch: [139/200], Acc: [0.76300|0.79000], Early Stop: [14|40]
Task: [ 1|('baby', 'woman', 'table', 'trout', 'raccoon', 'mushroom', 'porcupine', 'lizard', 'possum', 'wardrobe')], Epoch: [140/200], Acc: [0.76500|0.79000], Early Stop: [15|40]
Task: [ 1|('baby', 'woman', 'table', 'trout', 'raccoon', 'mushroom', 'porcupine', 'lizard', 'possum', 'wardrobe')], Epoch: [141/200], Acc: [0.78000|0.79000], Early Stop: [16|40]
Task: [ 1|('baby', 'woman', 'table', 'trout', 'raccoon', 'mushroom', 'porcupine', 'lizard', 'possum', 'wardrobe')], Epoch: [142/200], new top1 Acc: 0.79900
Task: [ 1|('baby', 'woman', 'table', 'trout', 'raccoon', 'mushroom', 'porcupine', 'lizard', 'possum', 'wardrobe')], Epoch: [143/200], Acc: [0.78900|0.79900], Early Stop: [ 1|40]
Task: [ 1|('baby', 'woman', 'table', 'trout', 'raccoon', 'mushroom', 'porcupine', 'lizard', 'possum', 'wardrobe')], Epoch: [144/200], Acc: [0.76700|0.79900], Early Stop: [ 2|40]
Task: [ 1|('baby', 'woman', 'table', 'trout', 'raccoon', 'mushroom', 'porcupine', 'lizard', 'possum', 'wardrobe')], Epoch: [145/200], Acc: [0.78800|0.79900], Early Stop: [ 3|40]
Task: [ 1|('baby', 'woman', 'table', 'trout', 'raccoon', 'mushroom', 'porcupine', 'lizard', 'possum', 'wardrobe')], Epoch: [146/200], Acc: [0.75900|0.79900], Early Stop: [ 4|40]
Task: [ 1|('baby', 'woman', 'table', 'trout', 'raccoon', 'mushroom', 'porcupine', 'lizard', 'possum', 'wardrobe')], Epoch: [147/200], Acc: [0.77300|0.79900], Early Stop: [ 5|40]
Task: [ 1|('baby', 'woman', 'table', 'trout', 'raccoon', 'mushroom', 'porcupine', 'lizard', 'possum', 'wardrobe')], Epoch: [148/200], Acc: [0.78500|0.79900], Early Stop: [ 6|40]
Task: [ 1|('baby', 'woman', 'table', 'trout', 'raccoon', 'mushroom', 'porcupine', 'lizard', 'possum', 'wardrobe')], Epoch: [149/200], Acc: [0.79000|0.79900], Early Stop: [ 7|40]
Task: [ 1|('baby', 'woman', 'table', 'trout', 'raccoon', 'mushroom', 'porcupine', 'lizard', 'possum', 'wardrobe')], Epoch: [150/200], Acc: [0.77800|0.79900], Early Stop: [ 8|40]
Task: [ 1|('baby', 'woman', 'table', 'trout', 'raccoon', 'mushroom', 'porcupine', 'lizard', 'possum', 'wardrobe')], Epoch: [151/200], Acc: [0.76900|0.79900], Early Stop: [ 9|40]
Task: [ 1|('baby', 'woman', 'table', 'trout', 'raccoon', 'mushroom', 'porcupine', 'lizard', 'possum', 'wardrobe')], Epoch: [152/200], Acc: [0.78400|0.79900], Early Stop: [10|40]
Task: [ 1|('baby', 'woman', 'table', 'trout', 'raccoon', 'mushroom', 'porcupine', 'lizard', 'possum', 'wardrobe')], Epoch: [153/200], Acc: [0.77000|0.79900], Early Stop: [11|40]
Task: [ 1|('baby', 'woman', 'table', 'trout', 'raccoon', 'mushroom', 'porcupine', 'lizard', 'possum', 'wardrobe')], Epoch: [154/200], Acc: [0.75100|0.79900], Early Stop: [12|40]
Task: [ 1|('baby', 'woman', 'table', 'trout', 'raccoon', 'mushroom', 'porcupine', 'lizard', 'possum', 'wardrobe')], Epoch: [155/200], Acc: [0.76800|0.79900], Early Stop: [13|40]
Task: [ 1|('baby', 'woman', 'table', 'trout', 'raccoon', 'mushroom', 'porcupine', 'lizard', 'possum', 'wardrobe')], Epoch: [156/200], Acc: [0.79100|0.79900], Early Stop: [14|40]
Task: [ 1|('baby', 'woman', 'table', 'trout', 'raccoon', 'mushroom', 'porcupine', 'lizard', 'possum', 'wardrobe')], Epoch: [157/200], Acc: [0.77800|0.79900], Early Stop: [15|40]
Task: [ 1|('baby', 'woman', 'table', 'trout', 'raccoon', 'mushroom', 'porcupine', 'lizard', 'possum', 'wardrobe')], Epoch: [158/200], Acc: [0.78300|0.79900], Early Stop: [16|40]
Task: [ 1|('baby', 'woman', 'table', 'trout', 'raccoon', 'mushroom', 'porcupine', 'lizard', 'possum', 'wardrobe')], Epoch: [159/200], Acc: [0.77200|0.79900], Early Stop: [17|40]
Task: [ 1|('baby', 'woman', 'table', 'trout', 'raccoon', 'mushroom', 'porcupine', 'lizard', 'possum', 'wardrobe')], Epoch: [160/200], Acc: [0.78600|0.79900], Early Stop: [18|40]
Task: [ 1|('baby', 'woman', 'table', 'trout', 'raccoon', 'mushroom', 'porcupine', 'lizard', 'possum', 'wardrobe')], Epoch: [161/200], Acc: [0.76600|0.79900], Early Stop: [19|40]
Task: [ 1|('baby', 'woman', 'table', 'trout', 'raccoon', 'mushroom', 'porcupine', 'lizard', 'possum', 'wardrobe')], Epoch: [162/200], Acc: [0.77900|0.79900], Early Stop: [20|40]
Task: [ 1|('baby', 'woman', 'table', 'trout', 'raccoon', 'mushroom', 'porcupine', 'lizard', 'possum', 'wardrobe')], Epoch: [163/200], Acc: [0.74700|0.79900], Early Stop: [21|40]
Task: [ 1|('baby', 'woman', 'table', 'trout', 'raccoon', 'mushroom', 'porcupine', 'lizard', 'possum', 'wardrobe')], Epoch: [164/200], Acc: [0.75800|0.79900], Early Stop: [22|40]
Task: [ 1|('baby', 'woman', 'table', 'trout', 'raccoon', 'mushroom', 'porcupine', 'lizard', 'possum', 'wardrobe')], Epoch: [165/200], Acc: [0.77800|0.79900], Early Stop: [23|40]
Task: [ 1|('baby', 'woman', 'table', 'trout', 'raccoon', 'mushroom', 'porcupine', 'lizard', 'possum', 'wardrobe')], Epoch: [166/200], Acc: [0.76800|0.79900], Early Stop: [24|40]
Task: [ 1|('baby', 'woman', 'table', 'trout', 'raccoon', 'mushroom', 'porcupine', 'lizard', 'possum', 'wardrobe')], Epoch: [167/200], Acc: [0.77800|0.79900], Early Stop: [25|40]
Task: [ 1|('baby', 'woman', 'table', 'trout', 'raccoon', 'mushroom', 'porcupine', 'lizard', 'possum', 'wardrobe')], Epoch: [168/200], Acc: [0.78800|0.79900], Early Stop: [26|40]
Task: [ 1|('baby', 'woman', 'table', 'trout', 'raccoon', 'mushroom', 'porcupine', 'lizard', 'possum', 'wardrobe')], Epoch: [169/200], Acc: [0.77400|0.79900], Early Stop: [27|40]
Task: [ 1|('baby', 'woman', 'table', 'trout', 'raccoon', 'mushroom', 'porcupine', 'lizard', 'possum', 'wardrobe')], Epoch: [170/200], Acc: [0.77800|0.79900], Early Stop: [28|40]
Task: [ 1|('baby', 'woman', 'table', 'trout', 'raccoon', 'mushroom', 'porcupine', 'lizard', 'possum', 'wardrobe')], Epoch: [171/200], Acc: [0.79700|0.79900], Early Stop: [29|40]
Task: [ 1|('baby', 'woman', 'table', 'trout', 'raccoon', 'mushroom', 'porcupine', 'lizard', 'possum', 'wardrobe')], Epoch: [172/200], Acc: [0.77900|0.79900], Early Stop: [30|40]
Task: [ 1|('baby', 'woman', 'table', 'trout', 'raccoon', 'mushroom', 'porcupine', 'lizard', 'possum', 'wardrobe')], Epoch: [173/200], new top1 Acc: 0.80300
Task: [ 1|('baby', 'woman', 'table', 'trout', 'raccoon', 'mushroom', 'porcupine', 'lizard', 'possum', 'wardrobe')], Epoch: [174/200], Acc: [0.78100|0.80300], Early Stop: [ 1|40]
Task: [ 1|('baby', 'woman', 'table', 'trout', 'raccoon', 'mushroom', 'porcupine', 'lizard', 'possum', 'wardrobe')], Epoch: [175/200], Acc: [0.77100|0.80300], Early Stop: [ 2|40]
Task: [ 1|('baby', 'woman', 'table', 'trout', 'raccoon', 'mushroom', 'porcupine', 'lizard', 'possum', 'wardrobe')], Epoch: [176/200], Acc: [0.76900|0.80300], Early Stop: [ 3|40]
Task: [ 1|('baby', 'woman', 'table', 'trout', 'raccoon', 'mushroom', 'porcupine', 'lizard', 'possum', 'wardrobe')], Epoch: [177/200], Acc: [0.78500|0.80300], Early Stop: [ 4|40]
Task: [ 1|('baby', 'woman', 'table', 'trout', 'raccoon', 'mushroom', 'porcupine', 'lizard', 'possum', 'wardrobe')], Epoch: [178/200], Acc: [0.77500|0.80300], Early Stop: [ 5|40]
Task: [ 1|('baby', 'woman', 'table', 'trout', 'raccoon', 'mushroom', 'porcupine', 'lizard', 'possum', 'wardrobe')], Epoch: [179/200], Acc: [0.77100|0.80300], Early Stop: [ 6|40]
Task: [ 1|('baby', 'woman', 'table', 'trout', 'raccoon', 'mushroom', 'porcupine', 'lizard', 'possum', 'wardrobe')], Epoch: [180/200], Acc: [0.76900|0.80300], Early Stop: [ 7|40]
Task: [ 1|('baby', 'woman', 'table', 'trout', 'raccoon', 'mushroom', 'porcupine', 'lizard', 'possum', 'wardrobe')], Epoch: [181/200], Acc: [0.77100|0.80300], Early Stop: [ 8|40]
Task: [ 1|('baby', 'woman', 'table', 'trout', 'raccoon', 'mushroom', 'porcupine', 'lizard', 'possum', 'wardrobe')], Epoch: [182/200], Acc: [0.74400|0.80300], Early Stop: [ 9|40]
Task: [ 1|('baby', 'woman', 'table', 'trout', 'raccoon', 'mushroom', 'porcupine', 'lizard', 'possum', 'wardrobe')], Epoch: [183/200], Acc: [0.75300|0.80300], Early Stop: [10|40]
 1|('baby', 'woman', 'table', 'trout', 'raccoon', 'mushroom', 'porcupine', 'lizard', 'possum', 'wardrobe')], Epoch: [173/200], new top1 Acc: 0.80300
[32mTask: [ 1|('baby', 'woman', 'table', 'trout', 'raccoon', 'mushroom', 'porcupine', 'lizard', 'possum', 'wardrobe')], Epoch: [174/200], Acc: [0.78100|0.80300], Early Stop: [ 1|40]
[32mTask: [ 1|('baby', 'woman', 'table', 'trout', 'raccoon', 'mushroom', 'porcupine', 'lizard', 'possum', 'wardrobe')], Epoch: [175/200], Acc: [0.77100|0.80300], Early Stop: [ 2|40]
[32mTask: [ 1|('baby', 'woman', 'table', 'trout', 'raccoon', 'mushroom', 'porcupine', 'lizard', 'possum', 'wardrobe')], Epoch: [176/200], Acc: [0.76900|0.80300], Early Stop: [ 3|40]
[32mTask: [ 1|('baby', 'woman', 'table', 'trout', 'raccoon', 'mushroom', 'porcupine', 'lizard', 'possum', 'wardrobe')], Epoch: [177/200], Acc: [0.78500|0.80300], Early Stop: [ 4|40]
[32mTask: [ 1|('baby', 'woman', 'table', 'trout', 'raccoon', 'mushroom', 'porcupine', 'lizard', 'possum', 'wardrobe')], Epoch: [178/200], Acc: [0.77500|0.80300], Early Stop: [ 5|40]
[32mTask: [ 1|('baby', 'woman', 'table', 'trout', 'raccoon', 'mushroom', 'porcupine', 'lizard', 'possum', 'wardrobe')], Epoch: [179/200], Acc: [0.77100|0.80300], Early Stop: [ 6|40]
[32mTask: [ 1|('baby', 'woman', 'table', 'trout', 'raccoon', 'mushroom', 'porcupine', 'lizard', 'possum', 'wardrobe')], Epoch: [180/200], Acc: [0.76900|0.80300], Early Stop: [ 7|40]
[32mTask: [ 1|('baby', 'woman', 'table', 'trout', 'raccoon', 'mushroom', 'porcupine', 'lizard', 'possum', 'wardrobe')], Epoch: [181/200], Acc: [0.77100|0.80300], Early Stop: [ 8|40]
[32mTask: [ 1|('baby', 'woman', 'table', 'trout', 'raccoon', 'mushroom', 'porcupine', 'lizard', 'possum', 'wardrobe')], Epoch: [182/200], Acc: [0.74400|0.80300], Early Stop: [ 9|40]
[32mTask: [ 1|('baby', 'woman', 'table', 'trout', 'raccoon', 'mushroom', 'porcupine', 'lizard', 'possum', 'wardrobe')], Epoch: [183/200], Acc: [0.75300|0.80300], Early Stop: [10|40]
Shutdown at 2022-04-29 10:29:45.332561, waiting...
